
*** Running vivado
    with args -log atm_machine.vds -m64 -product Vivado -mode batch -messageDb vivado.pb -notrace -source atm_machine.tcl



****** Vivado v2022.2 (64-bit)
  **** SW Build 3671981 on Fri Oct 14 05:00:03 MDT 2022
  **** IP Build 3669848 on Fri Oct 14 08:30:02 MDT 2022
    ** Copyright 1986-2022 Xilinx, Inc. All Rights Reserved.

source atm_machine.tcl -notrace
Command: read_checkpoint -auto_incremental -incremental {D:/DSD_lab/ATM MACHINE_Final/ATM MACHINE_Final.srcs/utils_1/imports/synth_1/atm_machine.dcp}
INFO: [Vivado 12-5825] Read reference checkpoint from D:/DSD_lab/ATM MACHINE_Final/ATM MACHINE_Final.srcs/utils_1/imports/synth_1/atm_machine.dcp for incremental synthesis
INFO: [Vivado 12-7989] Please ensure there are no constraint changes
Command: synth_design -top atm_machine -part xc7s50csga324-1
Starting synth_design
Attempting to get a license for feature 'Synthesis' and/or device 'xc7s50'
INFO: [Common 17-349] Got license for feature 'Synthesis' and/or device 'xc7s50'
INFO: [Device 21-403] Loading part xc7s50csga324-1
INFO: [Designutils 20-5440] No compile time benefit to using incremental synthesis; A full resynthesis will be run
INFO: [Designutils 20-4379] Flow is switching to default flow due to incremental criteria not met. If you would like to alter this behaviour and have the flow terminate instead, please set the following parameter config_implementation {autoIncr.Synth.RejectBehavior Terminate}
INFO: [Synth 8-7079] Multithreading enabled for synth_design using a maximum of 2 processes.
INFO: [Synth 8-7078] Launching helper process for spawning children vivado processes
INFO: [Synth 8-7075] Helper process launched with PID 26856
INFO: [Synth 8-11241] undeclared symbol 'REGCCE', assumed default net type 'wire' [C:/Xilinx/Vivado/2022.2/data/verilog/src/unimacro/BRAM_SINGLE_MACRO.v:2170]
---------------------------------------------------------------------------------
Starting RTL Elaboration : Time (s): cpu = 00:00:03 ; elapsed = 00:00:03 . Memory (MB): peak = 1186.723 ; gain = 408.258
---------------------------------------------------------------------------------
INFO: [Synth 8-6157] synthesizing module 'atm_machine' [D:/DSD_lab/ATM MACHINE_Final/ATM MACHINE_Final.srcs/sources_1/new/atm_machine.v:23]
WARNING: [Synth 8-311] ignoring non-constant assignment in initial block [D:/DSD_lab/ATM MACHINE_Final/ATM MACHINE_Final.srcs/sources_1/new/atm_machine.v:65]
INFO: [Synth 8-6157] synthesizing module 'card_validation' [D:/DSD_lab/ATM MACHINE_Final/ATM MACHINE_Final.srcs/sources_1/new/card_validation.v:4]
INFO: [Synth 8-6155] done synthesizing module 'card_validation' (0#1) [D:/DSD_lab/ATM MACHINE_Final/ATM MACHINE_Final.srcs/sources_1/new/card_validation.v:4]
INFO: [Synth 8-6157] synthesizing module 'balance_display' [D:/DSD_lab/ATM MACHINE_Final/ATM MACHINE_Final.srcs/sources_1/new/balance_display.v:2]
INFO: [Synth 8-6155] done synthesizing module 'balance_display' (0#1) [D:/DSD_lab/ATM MACHINE_Final/ATM MACHINE_Final.srcs/sources_1/new/balance_display.v:2]
INFO: [Synth 8-6157] synthesizing module 'display_multiplexer' [D:/DSD_lab/ATM MACHINE_Final/ATM MACHINE_Final.srcs/sources_1/new/display_multiplexer.v:22]
INFO: [Synth 8-226] default block is never used [D:/DSD_lab/ATM MACHINE_Final/ATM MACHINE_Final.srcs/sources_1/new/display_multiplexer.v:45]
INFO: [Synth 8-6155] done synthesizing module 'display_multiplexer' (0#1) [D:/DSD_lab/ATM MACHINE_Final/ATM MACHINE_Final.srcs/sources_1/new/display_multiplexer.v:22]
INFO: [Synth 8-6157] synthesizing module 'atm_actions' [D:/DSD_lab/ATM MACHINE_Final/ATM MACHINE_Final.srcs/sources_1/new/atm_action.v:23]
INFO: [Synth 8-251] card number : 4'bxxxx [D:/DSD_lab/ATM MACHINE_Final/ATM MACHINE_Final.srcs/sources_1/new/atm_action.v:51]
INFO: [Synth 8-155] case statement is not full and has no default [D:/DSD_lab/ATM MACHINE_Final/ATM MACHINE_Final.srcs/sources_1/new/atm_action.v:62]
INFO: [Synth 8-6155] done synthesizing module 'atm_actions' (0#1) [D:/DSD_lab/ATM MACHINE_Final/ATM MACHINE_Final.srcs/sources_1/new/atm_action.v:23]
INFO: [Synth 8-6155] done synthesizing module 'atm_machine' (0#1) [D:/DSD_lab/ATM MACHINE_Final/ATM MACHINE_Final.srcs/sources_1/new/atm_machine.v:23]
WARNING: [Synth 8-7137] Register new_balance_reg in module atm_actions has both Set and reset with same priority. This may cause simulation mismatches. Consider rewriting code  [D:/DSD_lab/ATM MACHINE_Final/ATM MACHINE_Final.srcs/sources_1/new/atm_action.v:65]
WARNING: [Synth 8-7137] Register transaction_type_reg in module atm_actions has both Set and reset with same priority. This may cause simulation mismatches. Consider rewriting code  [D:/DSD_lab/ATM MACHINE_Final/ATM MACHINE_Final.srcs/sources_1/new/atm_action.v:66]
WARNING: [Synth 8-3848] Net valid_cards_flat in module/entity atm_machine does not have driver. [D:/DSD_lab/ATM MACHINE_Final/ATM MACHINE_Final.srcs/sources_1/new/atm_machine.v:49]
WARNING: [Synth 8-3848] Net write_enable in module/entity atm_machine does not have driver. [D:/DSD_lab/ATM MACHINE_Final/ATM MACHINE_Final.srcs/sources_1/new/atm_machine.v:43]
WARNING: [Synth 8-3848] Net balance_in in module/entity atm_machine does not have driver. [D:/DSD_lab/ATM MACHINE_Final/ATM MACHINE_Final.srcs/sources_1/new/atm_machine.v:44]
---------------------------------------------------------------------------------
Finished RTL Elaboration : Time (s): cpu = 00:00:04 ; elapsed = 00:00:04 . Memory (MB): peak = 1279.398 ; gain = 500.934
---------------------------------------------------------------------------------
---------------------------------------------------------------------------------
Start Handling Custom Attributes
---------------------------------------------------------------------------------
---------------------------------------------------------------------------------
Finished Handling Custom Attributes : Time (s): cpu = 00:00:04 ; elapsed = 00:00:04 . Memory (MB): peak = 1279.398 ; gain = 500.934
---------------------------------------------------------------------------------
---------------------------------------------------------------------------------
Finished RTL Optimization Phase 1 : Time (s): cpu = 00:00:04 ; elapsed = 00:00:04 . Memory (MB): peak = 1279.398 ; gain = 500.934
---------------------------------------------------------------------------------
Netlist sorting complete. Time (s): cpu = 00:00:00 ; elapsed = 00:00:00.004 . Memory (MB): peak = 1279.398 ; gain = 0.000
INFO: [Project 1-570] Preparing netlist for logic optimization

Processing XDC Constraints
Initializing timing engine
Parsing XDC File [D:/DSD_lab/ATM MACHINE_Final/ATM MACHINE_Final.srcs/constrs_1/new/ATM.xdc]
WARNING: [Vivado 12-584] No ports matched 'displayed_balance[15]'. [D:/DSD_lab/ATM MACHINE_Final/ATM MACHINE_Final.srcs/constrs_1/new/ATM.xdc:5]
CRITICAL WARNING: [Common 17-55] 'set_property' expects at least one object. [D:/DSD_lab/ATM MACHINE_Final/ATM MACHINE_Final.srcs/constrs_1/new/ATM.xdc:5]
Resolution: If [get_<value>] was used to populate the object, check to make sure this command returns at least one valid object.
WARNING: [Vivado 12-584] No ports matched 'displayed_balance[14]'. [D:/DSD_lab/ATM MACHINE_Final/ATM MACHINE_Final.srcs/constrs_1/new/ATM.xdc:6]
CRITICAL WARNING: [Common 17-55] 'set_property' expects at least one object. [D:/DSD_lab/ATM MACHINE_Final/ATM MACHINE_Final.srcs/constrs_1/new/ATM.xdc:6]
Resolution: If [get_<value>] was used to populate the object, check to make sure this command returns at least one valid object.
WARNING: [Vivado 12-584] No ports matched 'displayed_balance[13]'. [D:/DSD_lab/ATM MACHINE_Final/ATM MACHINE_Final.srcs/constrs_1/new/ATM.xdc:7]
CRITICAL WARNING: [Common 17-55] 'set_property' expects at least one object. [D:/DSD_lab/ATM MACHINE_Final/ATM MACHINE_Final.srcs/constrs_1/new/ATM.xdc:7]
Resolution: If [get_<value>] was used to populate the object, check to make sure this command returns at least one valid object.
WARNING: [Vivado 12-584] No ports matched 'displayed_balance[12]'. [D:/DSD_lab/ATM MACHINE_Final/ATM MACHINE_Final.srcs/constrs_1/new/ATM.xdc:8]
CRITICAL WARNING: [Common 17-55] 'set_property' expects at least one object. [D:/DSD_lab/ATM MACHINE_Final/ATM MACHINE_Final.srcs/constrs_1/new/ATM.xdc:8]
Resolution: If [get_<value>] was used to populate the object, check to make sure this command returns at least one valid object.
WARNING: [Vivado 12-584] No ports matched 'displayed_balance[11]'. [D:/DSD_lab/ATM MACHINE_Final/ATM MACHINE_Final.srcs/constrs_1/new/ATM.xdc:9]
CRITICAL WARNING: [Common 17-55] 'set_property' expects at least one object. [D:/DSD_lab/ATM MACHINE_Final/ATM MACHINE_Final.srcs/constrs_1/new/ATM.xdc:9]
Resolution: If [get_<value>] was used to populate the object, check to make sure this command returns at least one valid object.
WARNING: [Vivado 12-584] No ports matched 'displayed_balance[10]'. [D:/DSD_lab/ATM MACHINE_Final/ATM MACHINE_Final.srcs/constrs_1/new/ATM.xdc:10]
CRITICAL WARNING: [Common 17-55] 'set_property' expects at least one object. [D:/DSD_lab/ATM MACHINE_Final/ATM MACHINE_Final.srcs/constrs_1/new/ATM.xdc:10]
Resolution: If [get_<value>] was used to populate the object, check to make sure this command returns at least one valid object.
WARNING: [Vivado 12-584] No ports matched 'displayed_balance[9]'. [D:/DSD_lab/ATM MACHINE_Final/ATM MACHINE_Final.srcs/constrs_1/new/ATM.xdc:11]
CRITICAL WARNING: [Common 17-55] 'set_property' expects at least one object. [D:/DSD_lab/ATM MACHINE_Final/ATM MACHINE_Final.srcs/constrs_1/new/ATM.xdc:11]
Resolution: If [get_<value>] was used to populate the object, check to make sure this command returns at least one valid object.
WARNING: [Vivado 12-584] No ports matched 'displayed_balance[8]'. [D:/DSD_lab/ATM MACHINE_Final/ATM MACHINE_Final.srcs/constrs_1/new/ATM.xdc:12]
CRITICAL WARNING: [Common 17-55] 'set_property' expects at least one object. [D:/DSD_lab/ATM MACHINE_Final/ATM MACHINE_Final.srcs/constrs_1/new/ATM.xdc:12]
Resolution: If [get_<value>] was used to populate the object, check to make sure this command returns at least one valid object.
WARNING: [Vivado 12-584] No ports matched 'displayed_balance[7]'. [D:/DSD_lab/ATM MACHINE_Final/ATM MACHINE_Final.srcs/constrs_1/new/ATM.xdc:13]
CRITICAL WARNING: [Common 17-55] 'set_property' expects at least one object. [D:/DSD_lab/ATM MACHINE_Final/ATM MACHINE_Final.srcs/constrs_1/new/ATM.xdc:13]
Resolution: If [get_<value>] was used to populate the object, check to make sure this command returns at least one valid object.
WARNING: [Vivado 12-584] No ports matched 'displayed_balance[6]'. [D:/DSD_lab/ATM MACHINE_Final/ATM MACHINE_Final.srcs/constrs_1/new/ATM.xdc:14]
CRITICAL WARNING: [Common 17-55] 'set_property' expects at least one object. [D:/DSD_lab/ATM MACHINE_Final/ATM MACHINE_Final.srcs/constrs_1/new/ATM.xdc:14]
Resolution: If [get_<value>] was used to populate the object, check to make sure this command returns at least one valid object.
WARNING: [Vivado 12-584] No ports matched 'displayed_balance[5]'. [D:/DSD_lab/ATM MACHINE_Final/ATM MACHINE_Final.srcs/constrs_1/new/ATM.xdc:15]
CRITICAL WARNING: [Common 17-55] 'set_property' expects at least one object. [D:/DSD_lab/ATM MACHINE_Final/ATM MACHINE_Final.srcs/constrs_1/new/ATM.xdc:15]
Resolution: If [get_<value>] was used to populate the object, check to make sure this command returns at least one valid object.
WARNING: [Vivado 12-584] No ports matched 'displayed_balance[4]'. [D:/DSD_lab/ATM MACHINE_Final/ATM MACHINE_Final.srcs/constrs_1/new/ATM.xdc:16]
CRITICAL WARNING: [Common 17-55] 'set_property' expects at least one object. [D:/DSD_lab/ATM MACHINE_Final/ATM MACHINE_Final.srcs/constrs_1/new/ATM.xdc:16]
Resolution: If [get_<value>] was used to populate the object, check to make sure this command returns at least one valid object.
WARNING: [Vivado 12-584] No ports matched 'displayed_balance[3]'. [D:/DSD_lab/ATM MACHINE_Final/ATM MACHINE_Final.srcs/constrs_1/new/ATM.xdc:17]
CRITICAL WARNING: [Common 17-55] 'set_property' expects at least one object. [D:/DSD_lab/ATM MACHINE_Final/ATM MACHINE_Final.srcs/constrs_1/new/ATM.xdc:17]
Resolution: If [get_<value>] was used to populate the object, check to make sure this command returns at least one valid object.
WARNING: [Vivado 12-584] No ports matched 'displayed_balance[2]'. [D:/DSD_lab/ATM MACHINE_Final/ATM MACHINE_Final.srcs/constrs_1/new/ATM.xdc:18]
CRITICAL WARNING: [Common 17-55] 'set_property' expects at least one object. [D:/DSD_lab/ATM MACHINE_Final/ATM MACHINE_Final.srcs/constrs_1/new/ATM.xdc:18]
Resolution: If [get_<value>] was used to populate the object, check to make sure this command returns at least one valid object.
WARNING: [Vivado 12-584] No ports matched 'displayed_balance[1]'. [D:/DSD_lab/ATM MACHINE_Final/ATM MACHINE_Final.srcs/constrs_1/new/ATM.xdc:19]
CRITICAL WARNING: [Common 17-55] 'set_property' expects at least one object. [D:/DSD_lab/ATM MACHINE_Final/ATM MACHINE_Final.srcs/constrs_1/new/ATM.xdc:19]
Resolution: If [get_<value>] was used to populate the object, check to make sure this command returns at least one valid object.
WARNING: [Vivado 12-584] No ports matched 'displayed_balance[0]'. [D:/DSD_lab/ATM MACHINE_Final/ATM MACHINE_Final.srcs/constrs_1/new/ATM.xdc:20]
CRITICAL WARNING: [Common 17-55] 'set_property' expects at least one object. [D:/DSD_lab/ATM MACHINE_Final/ATM MACHINE_Final.srcs/constrs_1/new/ATM.xdc:20]
Resolution: If [get_<value>] was used to populate the object, check to make sure this command returns at least one valid object.
WARNING: [Vivado 12-584] No ports matched 'segment_display[6]'. [D:/DSD_lab/ATM MACHINE_Final/ATM MACHINE_Final.srcs/constrs_1/new/ATM.xdc:25]
CRITICAL WARNING: [Common 17-55] 'set_property' expects at least one object. [D:/DSD_lab/ATM MACHINE_Final/ATM MACHINE_Final.srcs/constrs_1/new/ATM.xdc:25]
Resolution: If [get_<value>] was used to populate the object, check to make sure this command returns at least one valid object.
WARNING: [Vivado 12-584] No ports matched 'segment_display[5]'. [D:/DSD_lab/ATM MACHINE_Final/ATM MACHINE_Final.srcs/constrs_1/new/ATM.xdc:26]
CRITICAL WARNING: [Common 17-55] 'set_property' expects at least one object. [D:/DSD_lab/ATM MACHINE_Final/ATM MACHINE_Final.srcs/constrs_1/new/ATM.xdc:26]
Resolution: If [get_<value>] was used to populate the object, check to make sure this command returns at least one valid object.
WARNING: [Vivado 12-584] No ports matched 'segment_display[4]'. [D:/DSD_lab/ATM MACHINE_Final/ATM MACHINE_Final.srcs/constrs_1/new/ATM.xdc:27]
CRITICAL WARNING: [Common 17-55] 'set_property' expects at least one object. [D:/DSD_lab/ATM MACHINE_Final/ATM MACHINE_Final.srcs/constrs_1/new/ATM.xdc:27]
Resolution: If [get_<value>] was used to populate the object, check to make sure this command returns at least one valid object.
WARNING: [Vivado 12-584] No ports matched 'segment_display[3]'. [D:/DSD_lab/ATM MACHINE_Final/ATM MACHINE_Final.srcs/constrs_1/new/ATM.xdc:28]
CRITICAL WARNING: [Common 17-55] 'set_property' expects at least one object. [D:/DSD_lab/ATM MACHINE_Final/ATM MACHINE_Final.srcs/constrs_1/new/ATM.xdc:28]
Resolution: If [get_<value>] was used to populate the object, check to make sure this command returns at least one valid object.
WARNING: [Vivado 12-584] No ports matched 'segment_display[2]'. [D:/DSD_lab/ATM MACHINE_Final/ATM MACHINE_Final.srcs/constrs_1/new/ATM.xdc:29]
CRITICAL WARNING: [Common 17-55] 'set_property' expects at least one object. [D:/DSD_lab/ATM MACHINE_Final/ATM MACHINE_Final.srcs/constrs_1/new/ATM.xdc:29]
Resolution: If [get_<value>] was used to populate the object, check to make sure this command returns at least one valid object.
WARNING: [Vivado 12-584] No ports matched 'segment_display[1]'. [D:/DSD_lab/ATM MACHINE_Final/ATM MACHINE_Final.srcs/constrs_1/new/ATM.xdc:30]
CRITICAL WARNING: [Common 17-55] 'set_property' expects at least one object. [D:/DSD_lab/ATM MACHINE_Final/ATM MACHINE_Final.srcs/constrs_1/new/ATM.xdc:30]
Resolution: If [get_<value>] was used to populate the object, check to make sure this command returns at least one valid object.
WARNING: [Vivado 12-584] No ports matched 'segment_display[0]'. [D:/DSD_lab/ATM MACHINE_Final/ATM MACHINE_Final.srcs/constrs_1/new/ATM.xdc:31]
CRITICAL WARNING: [Common 17-55] 'set_property' expects at least one object. [D:/DSD_lab/ATM MACHINE_Final/ATM MACHINE_Final.srcs/constrs_1/new/ATM.xdc:31]
Resolution: If [get_<value>] was used to populate the object, check to make sure this command returns at least one valid object.
WARNING: [Vivado 12-584] No ports matched 'dp'. [D:/DSD_lab/ATM MACHINE_Final/ATM MACHINE_Final.srcs/constrs_1/new/ATM.xdc:46]
CRITICAL WARNING: [Common 17-55] 'set_property' expects at least one object. [D:/DSD_lab/ATM MACHINE_Final/ATM MACHINE_Final.srcs/constrs_1/new/ATM.xdc:46]
Resolution: If [get_<value>] was used to populate the object, check to make sure this command returns at least one valid object.
WARNING: [Vivado 12-584] No ports matched 'dp'. [D:/DSD_lab/ATM MACHINE_Final/ATM MACHINE_Final.srcs/constrs_1/new/ATM.xdc:47]
CRITICAL WARNING: [Common 17-55] 'set_property' expects at least one object. [D:/DSD_lab/ATM MACHINE_Final/ATM MACHINE_Final.srcs/constrs_1/new/ATM.xdc:47]
Resolution: If [get_<value>] was used to populate the object, check to make sure this command returns at least one valid object.
WARNING: [Vivado 12-584] No ports matched 'balance_out[15]'. [D:/DSD_lab/ATM MACHINE_Final/ATM MACHINE_Final.srcs/constrs_1/new/ATM.xdc:59]
CRITICAL WARNING: [Common 17-55] 'set_property' expects at least one object. [D:/DSD_lab/ATM MACHINE_Final/ATM MACHINE_Final.srcs/constrs_1/new/ATM.xdc:59]
Resolution: If [get_<value>] was used to populate the object, check to make sure this command returns at least one valid object.
WARNING: [Vivado 12-584] No ports matched 'balance_out[14]'. [D:/DSD_lab/ATM MACHINE_Final/ATM MACHINE_Final.srcs/constrs_1/new/ATM.xdc:60]
CRITICAL WARNING: [Common 17-55] 'set_property' expects at least one object. [D:/DSD_lab/ATM MACHINE_Final/ATM MACHINE_Final.srcs/constrs_1/new/ATM.xdc:60]
Resolution: If [get_<value>] was used to populate the object, check to make sure this command returns at least one valid object.
WARNING: [Vivado 12-584] No ports matched 'balance_out[13]'. [D:/DSD_lab/ATM MACHINE_Final/ATM MACHINE_Final.srcs/constrs_1/new/ATM.xdc:61]
CRITICAL WARNING: [Common 17-55] 'set_property' expects at least one object. [D:/DSD_lab/ATM MACHINE_Final/ATM MACHINE_Final.srcs/constrs_1/new/ATM.xdc:61]
Resolution: If [get_<value>] was used to populate the object, check to make sure this command returns at least one valid object.
WARNING: [Vivado 12-584] No ports matched 'balance_out[12]'. [D:/DSD_lab/ATM MACHINE_Final/ATM MACHINE_Final.srcs/constrs_1/new/ATM.xdc:62]
CRITICAL WARNING: [Common 17-55] 'set_property' expects at least one object. [D:/DSD_lab/ATM MACHINE_Final/ATM MACHINE_Final.srcs/constrs_1/new/ATM.xdc:62]
Resolution: If [get_<value>] was used to populate the object, check to make sure this command returns at least one valid object.
WARNING: [Vivado 12-584] No ports matched 'balance_out[11]'. [D:/DSD_lab/ATM MACHINE_Final/ATM MACHINE_Final.srcs/constrs_1/new/ATM.xdc:63]
CRITICAL WARNING: [Common 17-55] 'set_property' expects at least one object. [D:/DSD_lab/ATM MACHINE_Final/ATM MACHINE_Final.srcs/constrs_1/new/ATM.xdc:63]
Resolution: If [get_<value>] was used to populate the object, check to make sure this command returns at least one valid object.
WARNING: [Vivado 12-584] No ports matched 'balance_out[10]'. [D:/DSD_lab/ATM MACHINE_Final/ATM MACHINE_Final.srcs/constrs_1/new/ATM.xdc:64]
CRITICAL WARNING: [Common 17-55] 'set_property' expects at least one object. [D:/DSD_lab/ATM MACHINE_Final/ATM MACHINE_Final.srcs/constrs_1/new/ATM.xdc:64]
Resolution: If [get_<value>] was used to populate the object, check to make sure this command returns at least one valid object.
WARNING: [Vivado 12-584] No ports matched 'balance_out[9]'. [D:/DSD_lab/ATM MACHINE_Final/ATM MACHINE_Final.srcs/constrs_1/new/ATM.xdc:65]
CRITICAL WARNING: [Common 17-55] 'set_property' expects at least one object. [D:/DSD_lab/ATM MACHINE_Final/ATM MACHINE_Final.srcs/constrs_1/new/ATM.xdc:65]
Resolution: If [get_<value>] was used to populate the object, check to make sure this command returns at least one valid object.
WARNING: [Vivado 12-584] No ports matched 'balance_out[8]'. [D:/DSD_lab/ATM MACHINE_Final/ATM MACHINE_Final.srcs/constrs_1/new/ATM.xdc:66]
CRITICAL WARNING: [Common 17-55] 'set_property' expects at least one object. [D:/DSD_lab/ATM MACHINE_Final/ATM MACHINE_Final.srcs/constrs_1/new/ATM.xdc:66]
Resolution: If [get_<value>] was used to populate the object, check to make sure this command returns at least one valid object.
WARNING: [Vivado 12-584] No ports matched 'balance_out[7]'. [D:/DSD_lab/ATM MACHINE_Final/ATM MACHINE_Final.srcs/constrs_1/new/ATM.xdc:67]
CRITICAL WARNING: [Common 17-55] 'set_property' expects at least one object. [D:/DSD_lab/ATM MACHINE_Final/ATM MACHINE_Final.srcs/constrs_1/new/ATM.xdc:67]
Resolution: If [get_<value>] was used to populate the object, check to make sure this command returns at least one valid object.
WARNING: [Vivado 12-584] No ports matched 'balance_out[6]'. [D:/DSD_lab/ATM MACHINE_Final/ATM MACHINE_Final.srcs/constrs_1/new/ATM.xdc:68]
CRITICAL WARNING: [Common 17-55] 'set_property' expects at least one object. [D:/DSD_lab/ATM MACHINE_Final/ATM MACHINE_Final.srcs/constrs_1/new/ATM.xdc:68]
Resolution: If [get_<value>] was used to populate the object, check to make sure this command returns at least one valid object.
WARNING: [Vivado 12-584] No ports matched 'balance_out[5]'. [D:/DSD_lab/ATM MACHINE_Final/ATM MACHINE_Final.srcs/constrs_1/new/ATM.xdc:69]
CRITICAL WARNING: [Common 17-55] 'set_property' expects at least one object. [D:/DSD_lab/ATM MACHINE_Final/ATM MACHINE_Final.srcs/constrs_1/new/ATM.xdc:69]
Resolution: If [get_<value>] was used to populate the object, check to make sure this command returns at least one valid object.
WARNING: [Vivado 12-584] No ports matched 'balance_out[4]'. [D:/DSD_lab/ATM MACHINE_Final/ATM MACHINE_Final.srcs/constrs_1/new/ATM.xdc:70]
CRITICAL WARNING: [Common 17-55] 'set_property' expects at least one object. [D:/DSD_lab/ATM MACHINE_Final/ATM MACHINE_Final.srcs/constrs_1/new/ATM.xdc:70]
Resolution: If [get_<value>] was used to populate the object, check to make sure this command returns at least one valid object.
WARNING: [Vivado 12-584] No ports matched 'balance_out[3]'. [D:/DSD_lab/ATM MACHINE_Final/ATM MACHINE_Final.srcs/constrs_1/new/ATM.xdc:71]
CRITICAL WARNING: [Common 17-55] 'set_property' expects at least one object. [D:/DSD_lab/ATM MACHINE_Final/ATM MACHINE_Final.srcs/constrs_1/new/ATM.xdc:71]
Resolution: If [get_<value>] was used to populate the object, check to make sure this command returns at least one valid object.
WARNING: [Vivado 12-584] No ports matched 'balance_out[2]'. [D:/DSD_lab/ATM MACHINE_Final/ATM MACHINE_Final.srcs/constrs_1/new/ATM.xdc:72]
CRITICAL WARNING: [Common 17-55] 'set_property' expects at least one object. [D:/DSD_lab/ATM MACHINE_Final/ATM MACHINE_Final.srcs/constrs_1/new/ATM.xdc:72]
Resolution: If [get_<value>] was used to populate the object, check to make sure this command returns at least one valid object.
WARNING: [Vivado 12-584] No ports matched 'balance_out[1]'. [D:/DSD_lab/ATM MACHINE_Final/ATM MACHINE_Final.srcs/constrs_1/new/ATM.xdc:73]
CRITICAL WARNING: [Common 17-55] 'set_property' expects at least one object. [D:/DSD_lab/ATM MACHINE_Final/ATM MACHINE_Final.srcs/constrs_1/new/ATM.xdc:73]
Resolution: If [get_<value>] was used to populate the object, check to make sure this command returns at least one valid object.
WARNING: [Vivado 12-584] No ports matched 'balance_out[0]'. [D:/DSD_lab/ATM MACHINE_Final/ATM MACHINE_Final.srcs/constrs_1/new/ATM.xdc:74]
CRITICAL WARNING: [Common 17-55] 'set_property' expects at least one object. [D:/DSD_lab/ATM MACHINE_Final/ATM MACHINE_Final.srcs/constrs_1/new/ATM.xdc:74]
Resolution: If [get_<value>] was used to populate the object, check to make sure this command returns at least one valid object.
WARNING: [Vivado 12-584] No ports matched 'new_balance[15]'. [D:/DSD_lab/ATM MACHINE_Final/ATM MACHINE_Final.srcs/constrs_1/new/ATM.xdc:75]
CRITICAL WARNING: [Common 17-55] 'set_property' expects at least one object. [D:/DSD_lab/ATM MACHINE_Final/ATM MACHINE_Final.srcs/constrs_1/new/ATM.xdc:75]
Resolution: If [get_<value>] was used to populate the object, check to make sure this command returns at least one valid object.
WARNING: [Vivado 12-584] No ports matched 'new_balance[14]'. [D:/DSD_lab/ATM MACHINE_Final/ATM MACHINE_Final.srcs/constrs_1/new/ATM.xdc:76]
CRITICAL WARNING: [Common 17-55] 'set_property' expects at least one object. [D:/DSD_lab/ATM MACHINE_Final/ATM MACHINE_Final.srcs/constrs_1/new/ATM.xdc:76]
Resolution: If [get_<value>] was used to populate the object, check to make sure this command returns at least one valid object.
WARNING: [Vivado 12-584] No ports matched 'new_balance[13]'. [D:/DSD_lab/ATM MACHINE_Final/ATM MACHINE_Final.srcs/constrs_1/new/ATM.xdc:77]
CRITICAL WARNING: [Common 17-55] 'set_property' expects at least one object. [D:/DSD_lab/ATM MACHINE_Final/ATM MACHINE_Final.srcs/constrs_1/new/ATM.xdc:77]
Resolution: If [get_<value>] was used to populate the object, check to make sure this command returns at least one valid object.
WARNING: [Vivado 12-584] No ports matched 'new_balance[12]'. [D:/DSD_lab/ATM MACHINE_Final/ATM MACHINE_Final.srcs/constrs_1/new/ATM.xdc:78]
CRITICAL WARNING: [Common 17-55] 'set_property' expects at least one object. [D:/DSD_lab/ATM MACHINE_Final/ATM MACHINE_Final.srcs/constrs_1/new/ATM.xdc:78]
Resolution: If [get_<value>] was used to populate the object, check to make sure this command returns at least one valid object.
WARNING: [Vivado 12-584] No ports matched 'new_balance[11]'. [D:/DSD_lab/ATM MACHINE_Final/ATM MACHINE_Final.srcs/constrs_1/new/ATM.xdc:79]
CRITICAL WARNING: [Common 17-55] 'set_property' expects at least one object. [D:/DSD_lab/ATM MACHINE_Final/ATM MACHINE_Final.srcs/constrs_1/new/ATM.xdc:79]
Resolution: If [get_<value>] was used to populate the object, check to make sure this command returns at least one valid object.
WARNING: [Vivado 12-584] No ports matched 'new_balance[10]'. [D:/DSD_lab/ATM MACHINE_Final/ATM MACHINE_Final.srcs/constrs_1/new/ATM.xdc:80]
CRITICAL WARNING: [Common 17-55] 'set_property' expects at least one object. [D:/DSD_lab/ATM MACHINE_Final/ATM MACHINE_Final.srcs/constrs_1/new/ATM.xdc:80]
Resolution: If [get_<value>] was used to populate the object, check to make sure this command returns at least one valid object.
WARNING: [Vivado 12-584] No ports matched 'new_balance[9]'. [D:/DSD_lab/ATM MACHINE_Final/ATM MACHINE_Final.srcs/constrs_1/new/ATM.xdc:81]
CRITICAL WARNING: [Common 17-55] 'set_property' expects at least one object. [D:/DSD_lab/ATM MACHINE_Final/ATM MACHINE_Final.srcs/constrs_1/new/ATM.xdc:81]
Resolution: If [get_<value>] was used to populate the object, check to make sure this command returns at least one valid object.
WARNING: [Vivado 12-584] No ports matched 'new_balance[8]'. [D:/DSD_lab/ATM MACHINE_Final/ATM MACHINE_Final.srcs/constrs_1/new/ATM.xdc:82]
CRITICAL WARNING: [Common 17-55] 'set_property' expects at least one object. [D:/DSD_lab/ATM MACHINE_Final/ATM MACHINE_Final.srcs/constrs_1/new/ATM.xdc:82]
Resolution: If [get_<value>] was used to populate the object, check to make sure this command returns at least one valid object.
WARNING: [Vivado 12-584] No ports matched 'new_balance[7]'. [D:/DSD_lab/ATM MACHINE_Final/ATM MACHINE_Final.srcs/constrs_1/new/ATM.xdc:83]
CRITICAL WARNING: [Common 17-55] 'set_property' expects at least one object. [D:/DSD_lab/ATM MACHINE_Final/ATM MACHINE_Final.srcs/constrs_1/new/ATM.xdc:83]
Resolution: If [get_<value>] was used to populate the object, check to make sure this command returns at least one valid object.
WARNING: [Vivado 12-584] No ports matched 'new_balance[6]'. [D:/DSD_lab/ATM MACHINE_Final/ATM MACHINE_Final.srcs/constrs_1/new/ATM.xdc:84]
CRITICAL WARNING: [Common 17-55] 'set_property' expects at least one object. [D:/DSD_lab/ATM MACHINE_Final/ATM MACHINE_Final.srcs/constrs_1/new/ATM.xdc:84]
Resolution: If [get_<value>] was used to populate the object, check to make sure this command returns at least one valid object.
WARNING: [Vivado 12-584] No ports matched 'new_balance[5]'. [D:/DSD_lab/ATM MACHINE_Final/ATM MACHINE_Final.srcs/constrs_1/new/ATM.xdc:85]
CRITICAL WARNING: [Common 17-55] 'set_property' expects at least one object. [D:/DSD_lab/ATM MACHINE_Final/ATM MACHINE_Final.srcs/constrs_1/new/ATM.xdc:85]
Resolution: If [get_<value>] was used to populate the object, check to make sure this command returns at least one valid object.
WARNING: [Vivado 12-584] No ports matched 'new_balance[4]'. [D:/DSD_lab/ATM MACHINE_Final/ATM MACHINE_Final.srcs/constrs_1/new/ATM.xdc:86]
CRITICAL WARNING: [Common 17-55] 'set_property' expects at least one object. [D:/DSD_lab/ATM MACHINE_Final/ATM MACHINE_Final.srcs/constrs_1/new/ATM.xdc:86]
Resolution: If [get_<value>] was used to populate the object, check to make sure this command returns at least one valid object.
WARNING: [Vivado 12-584] No ports matched 'new_balance[3]'. [D:/DSD_lab/ATM MACHINE_Final/ATM MACHINE_Final.srcs/constrs_1/new/ATM.xdc:87]
CRITICAL WARNING: [Common 17-55] 'set_property' expects at least one object. [D:/DSD_lab/ATM MACHINE_Final/ATM MACHINE_Final.srcs/constrs_1/new/ATM.xdc:87]
Resolution: If [get_<value>] was used to populate the object, check to make sure this command returns at least one valid object.
WARNING: [Vivado 12-584] No ports matched 'new_balance[2]'. [D:/DSD_lab/ATM MACHINE_Final/ATM MACHINE_Final.srcs/constrs_1/new/ATM.xdc:88]
CRITICAL WARNING: [Common 17-55] 'set_property' expects at least one object. [D:/DSD_lab/ATM MACHINE_Final/ATM MACHINE_Final.srcs/constrs_1/new/ATM.xdc:88]
Resolution: If [get_<value>] was used to populate the object, check to make sure this command returns at least one valid object.
WARNING: [Vivado 12-584] No ports matched 'new_balance[1]'. [D:/DSD_lab/ATM MACHINE_Final/ATM MACHINE_Final.srcs/constrs_1/new/ATM.xdc:89]
CRITICAL WARNING: [Common 17-55] 'set_property' expects at least one object. [D:/DSD_lab/ATM MACHINE_Final/ATM MACHINE_Final.srcs/constrs_1/new/ATM.xdc:89]
Resolution: If [get_<value>] was used to populate the object, check to make sure this command returns at least one valid object.
WARNING: [Vivado 12-584] No ports matched 'new_balance[0]'. [D:/DSD_lab/ATM MACHINE_Final/ATM MACHINE_Final.srcs/constrs_1/new/ATM.xdc:90]
CRITICAL WARNING: [Common 17-55] 'set_property' expects at least one object. [D:/DSD_lab/ATM MACHINE_Final/ATM MACHINE_Final.srcs/constrs_1/new/ATM.xdc:90]
Resolution: If [get_<value>] was used to populate the object, check to make sure this command returns at least one valid object.
Finished Parsing XDC File [D:/DSD_lab/ATM MACHINE_Final/ATM MACHINE_Final.srcs/constrs_1/new/ATM.xdc]
INFO: [Project 1-236] Implementation specific constraints were found while reading constraint file [D:/DSD_lab/ATM MACHINE_Final/ATM MACHINE_Final.srcs/constrs_1/new/ATM.xdc]. These constraints will be ignored for synthesis but will be used in implementation. Impacted constraints are listed in the file [.Xil/atm_machine_propImpl.xdc].
Resolution: To avoid this warning, move constraints listed in [.Xil/atm_machine_propImpl.xdc] to another XDC file and exclude this new file from synthesis with the used_in_synthesis property (File Properties dialog in GUI) and re-run elaboration/synthesis.
Completed Processing XDC Constraints

Netlist sorting complete. Time (s): cpu = 00:00:00 ; elapsed = 00:00:00 . Memory (MB): peak = 1336.758 ; gain = 0.000
INFO: [Project 1-111] Unisim Transformation Summary:
No Unisim elements were transformed.

Constraint Validation Runtime : Time (s): cpu = 00:00:00 ; elapsed = 00:00:00.001 . Memory (MB): peak = 1336.758 ; gain = 0.000
INFO: [Designutils 20-5440] No compile time benefit to using incremental synthesis; A full resynthesis will be run
INFO: [Designutils 20-4379] Flow is switching to default flow due to incremental criteria not met. If you would like to alter this behaviour and have the flow terminate instead, please set the following parameter config_implementation {autoIncr.Synth.RejectBehavior Terminate}
INFO: [Synth 8-11241] undeclared symbol 'REGCCE', assumed default net type 'wire' [C:/Xilinx/Vivado/2022.2/data/verilog/src/unimacro/BRAM_SINGLE_MACRO.v:2170]
---------------------------------------------------------------------------------
Finished Constraint Validation : Time (s): cpu = 00:00:08 ; elapsed = 00:00:09 . Memory (MB): peak = 1336.758 ; gain = 558.293
---------------------------------------------------------------------------------
---------------------------------------------------------------------------------
Start Loading Part and Timing Information
---------------------------------------------------------------------------------
Loading part: xc7s50csga324-1
---------------------------------------------------------------------------------
Finished Loading Part and Timing Information : Time (s): cpu = 00:00:08 ; elapsed = 00:00:09 . Memory (MB): peak = 1336.758 ; gain = 558.293
---------------------------------------------------------------------------------
---------------------------------------------------------------------------------
Start Applying 'set_property' XDC Constraints
---------------------------------------------------------------------------------
---------------------------------------------------------------------------------
Finished applying 'set_property' XDC Constraints : Time (s): cpu = 00:00:08 ; elapsed = 00:00:09 . Memory (MB): peak = 1336.758 ; gain = 558.293
---------------------------------------------------------------------------------
---------------------------------------------------------------------------------
Finished RTL Optimization Phase 2 : Time (s): cpu = 00:00:08 ; elapsed = 00:00:09 . Memory (MB): peak = 1336.758 ; gain = 558.293
---------------------------------------------------------------------------------
---------------------------------------------------------------------------------
Start RTL Component Statistics 
---------------------------------------------------------------------------------
Detailed RTL Component Info : 
+---Adders : 
	   3 Input   16 Bit       Adders := 1     
	   2 Input    2 Bit       Adders := 1     
+---Registers : 
	               16 Bit    Registers := 12    
	                3 Bit    Registers := 1     
	                2 Bit    Registers := 1     
	                1 Bit    Registers := 2     
+---Muxes : 
	   2 Input   16 Bit        Muxes := 3     
	   4 Input   16 Bit        Muxes := 2     
	   4 Input    8 Bit        Muxes := 1     
	   4 Input    4 Bit        Muxes := 1     
	   2 Input    3 Bit        Muxes := 1     
	   4 Input    3 Bit        Muxes := 1     
	  10 Input    1 Bit        Muxes := 1     
	   2 Input    1 Bit        Muxes := 24    
	   4 Input    1 Bit        Muxes := 14    
	   3 Input    1 Bit        Muxes := 10    
---------------------------------------------------------------------------------
Finished RTL Component Statistics 
---------------------------------------------------------------------------------
---------------------------------------------------------------------------------
Start Part Resource Summary
---------------------------------------------------------------------------------
Part Resources:
DSPs: 120 (col length:60)
BRAMs: 150 (col length: RAMB18 60 RAMB36 30)
---------------------------------------------------------------------------------
Finished Part Resource Summary
---------------------------------------------------------------------------------
---------------------------------------------------------------------------------
Start Cross Boundary and Area Optimization
---------------------------------------------------------------------------------
WARNING: [Synth 8-7080] Parallel synthesis criteria is not met
WARNING: [Synth 8-3917] design atm_machine has port an[7] driven by constant 1
WARNING: [Synth 8-3917] design atm_machine has port an[6] driven by constant 1
WARNING: [Synth 8-3917] design atm_machine has port an[5] driven by constant 1
WARNING: [Synth 8-3917] design atm_machine has port an[4] driven by constant 1
---------------------------------------------------------------------------------
Finished Cross Boundary and Area Optimization : Time (s): cpu = 00:00:10 ; elapsed = 00:00:11 . Memory (MB): peak = 1336.758 ; gain = 558.293
---------------------------------------------------------------------------------
---------------------------------------------------------------------------------
Start Applying XDC Timing Constraints
---------------------------------------------------------------------------------
---------------------------------------------------------------------------------
Finished Applying XDC Timing Constraints : Time (s): cpu = 00:00:13 ; elapsed = 00:00:14 . Memory (MB): peak = 1336.758 ; gain = 558.293
---------------------------------------------------------------------------------
---------------------------------------------------------------------------------
Start Timing Optimization
---------------------------------------------------------------------------------
---------------------------------------------------------------------------------
Finished Timing Optimization : Time (s): cpu = 00:00:13 ; elapsed = 00:00:14 . Memory (MB): peak = 1336.758 ; gain = 558.293
---------------------------------------------------------------------------------
---------------------------------------------------------------------------------
Start Technology Mapping
---------------------------------------------------------------------------------
---------------------------------------------------------------------------------
Finished Technology Mapping : Time (s): cpu = 00:00:14 ; elapsed = 00:00:14 . Memory (MB): peak = 1336.758 ; gain = 558.293
---------------------------------------------------------------------------------
---------------------------------------------------------------------------------
Start IO Insertion
---------------------------------------------------------------------------------
---------------------------------------------------------------------------------
Start Flattening Before IO Insertion
---------------------------------------------------------------------------------
---------------------------------------------------------------------------------
Finished Flattening Before IO Insertion
---------------------------------------------------------------------------------
---------------------------------------------------------------------------------
Start Final Netlist Cleanup
---------------------------------------------------------------------------------
---------------------------------------------------------------------------------
Finished Final Netlist Cleanup
---------------------------------------------------------------------------------
---------------------------------------------------------------------------------
Finished IO Insertion : Time (s): cpu = 00:00:16 ; elapsed = 00:00:17 . Memory (MB): peak = 1336.758 ; gain = 558.293
---------------------------------------------------------------------------------
---------------------------------------------------------------------------------
Start Renaming Generated Instances
---------------------------------------------------------------------------------
---------------------------------------------------------------------------------
Finished Renaming Generated Instances : Time (s): cpu = 00:00:16 ; elapsed = 00:00:17 . Memory (MB): peak = 1336.758 ; gain = 558.293
---------------------------------------------------------------------------------
---------------------------------------------------------------------------------
Start Rebuilding User Hierarchy
---------------------------------------------------------------------------------
---------------------------------------------------------------------------------
Finished Rebuilding User Hierarchy : Time (s): cpu = 00:00:16 ; elapsed = 00:00:17 . Memory (MB): peak = 1336.758 ; gain = 558.293
---------------------------------------------------------------------------------
---------------------------------------------------------------------------------
Start Renaming Generated Ports
---------------------------------------------------------------------------------
---------------------------------------------------------------------------------
Finished Renaming Generated Ports : Time (s): cpu = 00:00:16 ; elapsed = 00:00:17 . Memory (MB): peak = 1336.758 ; gain = 558.293
---------------------------------------------------------------------------------
---------------------------------------------------------------------------------
Start Handling Custom Attributes
---------------------------------------------------------------------------------
---------------------------------------------------------------------------------
Finished Handling Custom Attributes : Time (s): cpu = 00:00:16 ; elapsed = 00:00:17 . Memory (MB): peak = 1336.758 ; gain = 558.293
---------------------------------------------------------------------------------
---------------------------------------------------------------------------------
Start Renaming Generated Nets
---------------------------------------------------------------------------------
---------------------------------------------------------------------------------
Finished Renaming Generated Nets : Time (s): cpu = 00:00:16 ; elapsed = 00:00:17 . Memory (MB): peak = 1336.758 ; gain = 558.293
---------------------------------------------------------------------------------
---------------------------------------------------------------------------------
Start Writing Synthesis Report
---------------------------------------------------------------------------------

Report BlackBoxes: 
+-+--------------+----------+
| |BlackBox name |Instances |
+-+--------------+----------+
+-+--------------+----------+

Report Cell Usage: 
+------+-------+------+
|      |Cell   |Count |
+------+-------+------+
|1     |BUFG   |     1|
|2     |CARRY4 |     6|
|3     |LUT1   |     4|
|4     |LUT2   |    37|
|5     |LUT3   |     4|
|6     |LUT4   |    15|
|7     |LUT5   |     1|
|8     |LUT6   |    63|
|9     |FDCE   |   119|
|10    |FDPE   |    60|
|11    |FDRE   |    19|
|12    |IBUF   |    14|
|13    |OBUF   |    21|
+------+-------+------+
---------------------------------------------------------------------------------
Finished Writing Synthesis Report : Time (s): cpu = 00:00:16 ; elapsed = 00:00:17 . Memory (MB): peak = 1336.758 ; gain = 558.293
---------------------------------------------------------------------------------
Synthesis finished with 0 errors, 0 critical warnings and 5 warnings.
Synthesis Optimization Runtime : Time (s): cpu = 00:00:11 ; elapsed = 00:00:16 . Memory (MB): peak = 1336.758 ; gain = 500.934
Synthesis Optimization Complete : Time (s): cpu = 00:00:16 ; elapsed = 00:00:17 . Memory (MB): peak = 1336.758 ; gain = 558.293
INFO: [Project 1-571] Translating synthesized netlist
Netlist sorting complete. Time (s): cpu = 00:00:00 ; elapsed = 00:00:00.003 . Memory (MB): peak = 1336.758 ; gain = 0.000
INFO: [Netlist 29-17] Analyzing 6 Unisim elements for replacement
INFO: [Netlist 29-28] Unisim Transformation completed in 0 CPU seconds
INFO: [Project 1-570] Preparing netlist for logic optimization
INFO: [Opt 31-138] Pushed 0 inverter(s) to 0 load pin(s).
Netlist sorting complete. Time (s): cpu = 00:00:00 ; elapsed = 00:00:00 . Memory (MB): peak = 1336.758 ; gain = 0.000
INFO: [Project 1-111] Unisim Transformation Summary:
No Unisim elements were transformed.

Synth Design complete, checksum: a84a70be
INFO: [Common 17-83] Releasing license: Synthesis
36 Infos, 68 Warnings, 57 Critical Warnings and 0 Errors encountered.
synth_design completed successfully
synth_design: Time (s): cpu = 00:00:19 ; elapsed = 00:00:20 . Memory (MB): peak = 1336.758 ; gain = 932.980
INFO: [runtcl-6] Synthesis results are not added to the cache due to CRITICAL_WARNING
INFO: [Common 17-1381] The checkpoint 'D:/DSD_lab/ATM MACHINE_Final/ATM MACHINE_Final.runs/synth_1/atm_machine.dcp' has been generated.
INFO: [runtcl-4] Executing : report_utilization -file atm_machine_utilization_synth.rpt -pb atm_machine_utilization_synth.pb
INFO: [Common 17-206] Exiting Vivado at Sat Nov  9 16:19:43 2024...
