
*** Running vivado
    with args -log design_1_c_counter_binary_0_0.vds -m64 -product Vivado -mode batch -messageDb vivado.pb -notrace -source design_1_c_counter_binary_0_0.tcl



****** Vivado v2022.2 (64-bit)
  **** SW Build 3671981 on Fri Oct 14 05:00:03 MDT 2022
  **** IP Build 3669848 on Fri Oct 14 08:30:02 MDT 2022
    ** Copyright 1986-2022 Xilinx, Inc. All Rights Reserved.

source design_1_c_counter_binary_0_0.tcl -notrace
create_project: Time (s): cpu = 00:00:02 ; elapsed = 00:00:05 . Memory (MB): peak = 380.996 ; gain = 51.980
INFO: [IP_Flow 19-6924] IPCACHE: Running cache check for IP inst: design_1_c_counter_binary_0_0
Command: synth_design -top design_1_c_counter_binary_0_0 -part xc7s50csga324-1 -incremental_mode off -mode out_of_context
Starting synth_design
Attempting to get a license for feature 'Synthesis' and/or device 'xc7s50'
INFO: [Common 17-349] Got license for feature 'Synthesis' and/or device 'xc7s50'
INFO: [Device 21-403] Loading part xc7s50csga324-1
INFO: [Synth 8-7079] Multithreading enabled for synth_design using a maximum of 2 processes.
INFO: [Synth 8-7078] Launching helper process for spawning children vivado processes
INFO: [Synth 8-7075] Helper process launched with PID 57180
INFO: [Synth 8-11241] undeclared symbol 'REGCCE', assumed default net type 'wire' [C:/Xilinx/Vivado/2022.2/data/verilog/src/unimacro/BRAM_SINGLE_MACRO.v:2170]
---------------------------------------------------------------------------------
Starting RTL Elaboration : Time (s): cpu = 00:00:04 ; elapsed = 00:00:08 . Memory (MB): peak = 1194.805 ; gain = 407.586
---------------------------------------------------------------------------------
INFO: [Synth 8-638] synthesizing module 'design_1_c_counter_binary_0_0' [d:/DSD_lab/Counter/Counter.gen/sources_1/bd/design_1/ip/design_1_c_counter_binary_0_0/synth/design_1_c_counter_binary_0_0.vhd:67]
	Parameter C_IMPLEMENTATION bound to: 0 - type: integer 
	Parameter C_VERBOSITY bound to: 0 - type: integer 
	Parameter C_XDEVICEFAMILY bound to: spartan7 - type: string 
	Parameter C_WIDTH bound to: 16 - type: integer 
	Parameter C_HAS_CE bound to: 0 - type: integer 
	Parameter C_HAS_SCLR bound to: 0 - type: integer 
	Parameter C_RESTRICT_COUNT bound to: 0 - type: integer 
	Parameter C_COUNT_TO bound to: 1 - type: string 
	Parameter C_COUNT_BY bound to: 1 - type: string 
	Parameter C_COUNT_MODE bound to: 2 - type: integer 
	Parameter C_THRESH0_VALUE bound to: 1 - type: string 
	Parameter C_CE_OVERRIDES_SYNC bound to: 0 - type: integer 
	Parameter C_HAS_THRESH0 bound to: 0 - type: integer 
	Parameter C_HAS_LOAD bound to: 0 - type: integer 
	Parameter C_LOAD_LOW bound to: 0 - type: integer 
	Parameter C_LATENCY bound to: 1 - type: integer 
	Parameter C_FB_LATENCY bound to: 0 - type: integer 
	Parameter C_AINIT_VAL bound to: 0 - type: string 
	Parameter C_SINIT_VAL bound to: 0 - type: string 
	Parameter C_SCLR_OVERRIDES_SSET bound to: 1 - type: integer 
	Parameter C_HAS_SSET bound to: 0 - type: integer 
	Parameter C_HAS_SINIT bound to: 0 - type: integer 
INFO: [Synth 8-3491] module 'c_counter_binary_v12_0_15' declared at 'd:/DSD_lab/Counter/Counter.gen/sources_1/bd/design_1/ipshared/e1e1/hdl/c_counter_binary_v12_0_vh_rfs.vhd:2146' bound to instance 'U0' of component 'c_counter_binary_v12_0_15' [d:/DSD_lab/Counter/Counter.gen/sources_1/bd/design_1/ip/design_1_c_counter_binary_0_0/synth/design_1_c_counter_binary_0_0.vhd:125]
INFO: [Synth 8-256] done synthesizing module 'design_1_c_counter_binary_0_0' (0#1) [d:/DSD_lab/Counter/Counter.gen/sources_1/bd/design_1/ip/design_1_c_counter_binary_0_0/synth/design_1_c_counter_binary_0_0.vhd:67]
WARNING: [Synth 8-7129] Port CE in module c_reg_fd_v12_0_6_viv is either unconnected or has no load
WARNING: [Synth 8-7129] Port AINIT in module c_reg_fd_v12_0_6_viv is either unconnected or has no load
WARNING: [Synth 8-7129] Port ACLR in module c_reg_fd_v12_0_6_viv is either unconnected or has no load
WARNING: [Synth 8-7129] Port ASET in module c_reg_fd_v12_0_6_viv is either unconnected or has no load
WARNING: [Synth 8-7129] Port SINIT in module c_reg_fd_v12_0_6_viv is either unconnected or has no load
WARNING: [Synth 8-7129] Port SCLR in module c_reg_fd_v12_0_6_viv is either unconnected or has no load
WARNING: [Synth 8-7129] Port SSET in module c_reg_fd_v12_0_6_viv is either unconnected or has no load
WARNING: [Synth 8-7129] Port b[15] in module c_addsub_v12_0_14_lut6_legacy is either unconnected or has no load
WARNING: [Synth 8-7129] Port b[14] in module c_addsub_v12_0_14_lut6_legacy is either unconnected or has no load
WARNING: [Synth 8-7129] Port b[13] in module c_addsub_v12_0_14_lut6_legacy is either unconnected or has no load
WARNING: [Synth 8-7129] Port b[12] in module c_addsub_v12_0_14_lut6_legacy is either unconnected or has no load
WARNING: [Synth 8-7129] Port b[11] in module c_addsub_v12_0_14_lut6_legacy is either unconnected or has no load
WARNING: [Synth 8-7129] Port b[10] in module c_addsub_v12_0_14_lut6_legacy is either unconnected or has no load
WARNING: [Synth 8-7129] Port b[9] in module c_addsub_v12_0_14_lut6_legacy is either unconnected or has no load
WARNING: [Synth 8-7129] Port b[8] in module c_addsub_v12_0_14_lut6_legacy is either unconnected or has no load
WARNING: [Synth 8-7129] Port b[7] in module c_addsub_v12_0_14_lut6_legacy is either unconnected or has no load
WARNING: [Synth 8-7129] Port b[6] in module c_addsub_v12_0_14_lut6_legacy is either unconnected or has no load
WARNING: [Synth 8-7129] Port b[5] in module c_addsub_v12_0_14_lut6_legacy is either unconnected or has no load
WARNING: [Synth 8-7129] Port b[4] in module c_addsub_v12_0_14_lut6_legacy is either unconnected or has no load
WARNING: [Synth 8-7129] Port b[3] in module c_addsub_v12_0_14_lut6_legacy is either unconnected or has no load
WARNING: [Synth 8-7129] Port b[2] in module c_addsub_v12_0_14_lut6_legacy is either unconnected or has no load
WARNING: [Synth 8-7129] Port b[1] in module c_addsub_v12_0_14_lut6_legacy is either unconnected or has no load
WARNING: [Synth 8-7129] Port b[0] in module c_addsub_v12_0_14_lut6_legacy is either unconnected or has no load
WARNING: [Synth 8-7129] Port c_in in module c_addsub_v12_0_14_lut6_legacy is either unconnected or has no load
WARNING: [Synth 8-7129] Port ce in module c_addsub_v12_0_14_lut6_legacy is either unconnected or has no load
WARNING: [Synth 8-7129] Port bypass in module c_addsub_v12_0_14_lut6_legacy is either unconnected or has no load
WARNING: [Synth 8-7129] Port sclr in module c_addsub_v12_0_14_lut6_legacy is either unconnected or has no load
WARNING: [Synth 8-7129] Port sset in module c_addsub_v12_0_14_lut6_legacy is either unconnected or has no load
WARNING: [Synth 8-7129] Port sinit in module c_addsub_v12_0_14_lut6_legacy is either unconnected or has no load
WARNING: [Synth 8-7129] Port c_in in module c_addsub_v12_0_14_legacy is either unconnected or has no load
WARNING: [Synth 8-7129] Port b_in in module c_addsub_v12_0_14_legacy is either unconnected or has no load
WARNING: [Synth 8-7129] Port a_signed in module c_addsub_v12_0_14_legacy is either unconnected or has no load
WARNING: [Synth 8-7129] Port b_signed in module c_addsub_v12_0_14_legacy is either unconnected or has no load
WARNING: [Synth 8-7129] Port ce in module c_counter_binary_v12_0_15_legacy is either unconnected or has no load
WARNING: [Synth 8-7129] Port load in module c_counter_binary_v12_0_15_legacy is either unconnected or has no load
WARNING: [Synth 8-7129] Port l[15] in module c_counter_binary_v12_0_15_legacy is either unconnected or has no load
WARNING: [Synth 8-7129] Port l[14] in module c_counter_binary_v12_0_15_legacy is either unconnected or has no load
WARNING: [Synth 8-7129] Port l[13] in module c_counter_binary_v12_0_15_legacy is either unconnected or has no load
WARNING: [Synth 8-7129] Port l[12] in module c_counter_binary_v12_0_15_legacy is either unconnected or has no load
WARNING: [Synth 8-7129] Port l[11] in module c_counter_binary_v12_0_15_legacy is either unconnected or has no load
WARNING: [Synth 8-7129] Port l[10] in module c_counter_binary_v12_0_15_legacy is either unconnected or has no load
WARNING: [Synth 8-7129] Port l[9] in module c_counter_binary_v12_0_15_legacy is either unconnected or has no load
WARNING: [Synth 8-7129] Port l[8] in module c_counter_binary_v12_0_15_legacy is either unconnected or has no load
WARNING: [Synth 8-7129] Port l[7] in module c_counter_binary_v12_0_15_legacy is either unconnected or has no load
WARNING: [Synth 8-7129] Port l[6] in module c_counter_binary_v12_0_15_legacy is either unconnected or has no load
WARNING: [Synth 8-7129] Port l[5] in module c_counter_binary_v12_0_15_legacy is either unconnected or has no load
WARNING: [Synth 8-7129] Port l[4] in module c_counter_binary_v12_0_15_legacy is either unconnected or has no load
WARNING: [Synth 8-7129] Port l[3] in module c_counter_binary_v12_0_15_legacy is either unconnected or has no load
WARNING: [Synth 8-7129] Port l[2] in module c_counter_binary_v12_0_15_legacy is either unconnected or has no load
WARNING: [Synth 8-7129] Port l[1] in module c_counter_binary_v12_0_15_legacy is either unconnected or has no load
WARNING: [Synth 8-7129] Port l[0] in module c_counter_binary_v12_0_15_legacy is either unconnected or has no load
WARNING: [Synth 8-7129] Port iv[15] in module c_counter_binary_v12_0_15_legacy is either unconnected or has no load
WARNING: [Synth 8-7129] Port iv[14] in module c_counter_binary_v12_0_15_legacy is either unconnected or has no load
WARNING: [Synth 8-7129] Port iv[13] in module c_counter_binary_v12_0_15_legacy is either unconnected or has no load
WARNING: [Synth 8-7129] Port iv[12] in module c_counter_binary_v12_0_15_legacy is either unconnected or has no load
WARNING: [Synth 8-7129] Port iv[11] in module c_counter_binary_v12_0_15_legacy is either unconnected or has no load
WARNING: [Synth 8-7129] Port iv[10] in module c_counter_binary_v12_0_15_legacy is either unconnected or has no load
WARNING: [Synth 8-7129] Port iv[9] in module c_counter_binary_v12_0_15_legacy is either unconnected or has no load
WARNING: [Synth 8-7129] Port iv[8] in module c_counter_binary_v12_0_15_legacy is either unconnected or has no load
WARNING: [Synth 8-7129] Port iv[7] in module c_counter_binary_v12_0_15_legacy is either unconnected or has no load
WARNING: [Synth 8-7129] Port iv[6] in module c_counter_binary_v12_0_15_legacy is either unconnected or has no load
WARNING: [Synth 8-7129] Port iv[5] in module c_counter_binary_v12_0_15_legacy is either unconnected or has no load
WARNING: [Synth 8-7129] Port iv[4] in module c_counter_binary_v12_0_15_legacy is either unconnected or has no load
WARNING: [Synth 8-7129] Port iv[3] in module c_counter_binary_v12_0_15_legacy is either unconnected or has no load
WARNING: [Synth 8-7129] Port iv[2] in module c_counter_binary_v12_0_15_legacy is either unconnected or has no load
WARNING: [Synth 8-7129] Port iv[1] in module c_counter_binary_v12_0_15_legacy is either unconnected or has no load
WARNING: [Synth 8-7129] Port iv[0] in module c_counter_binary_v12_0_15_legacy is either unconnected or has no load
WARNING: [Synth 8-7129] Port sclr in module c_counter_binary_v12_0_15_legacy is either unconnected or has no load
WARNING: [Synth 8-7129] Port sset in module c_counter_binary_v12_0_15_legacy is either unconnected or has no load
WARNING: [Synth 8-7129] Port sinit in module c_counter_binary_v12_0_15_legacy is either unconnected or has no load
---------------------------------------------------------------------------------
Finished RTL Elaboration : Time (s): cpu = 00:00:05 ; elapsed = 00:00:11 . Memory (MB): peak = 1315.617 ; gain = 528.398
---------------------------------------------------------------------------------
---------------------------------------------------------------------------------
Start Handling Custom Attributes
---------------------------------------------------------------------------------
---------------------------------------------------------------------------------
Finished Handling Custom Attributes : Time (s): cpu = 00:00:05 ; elapsed = 00:00:11 . Memory (MB): peak = 1315.617 ; gain = 528.398
---------------------------------------------------------------------------------
---------------------------------------------------------------------------------
Finished RTL Optimization Phase 1 : Time (s): cpu = 00:00:05 ; elapsed = 00:00:11 . Memory (MB): peak = 1315.617 ; gain = 528.398
---------------------------------------------------------------------------------
Netlist sorting complete. Time (s): cpu = 00:00:00 ; elapsed = 00:00:00.002 . Memory (MB): peak = 1315.617 ; gain = 0.000
INFO: [Netlist 29-17] Analyzing 31 Unisim elements for replacement
INFO: [Netlist 29-28] Unisim Transformation completed in 0 CPU seconds
INFO: [Project 1-570] Preparing netlist for logic optimization

Processing XDC Constraints
Initializing timing engine
Parsing XDC File [d:/DSD_lab/Counter/Counter.gen/sources_1/bd/design_1/ip/design_1_c_counter_binary_0_0/design_1_c_counter_binary_0_0_ooc.xdc] for cell 'U0'
Finished Parsing XDC File [d:/DSD_lab/Counter/Counter.gen/sources_1/bd/design_1/ip/design_1_c_counter_binary_0_0/design_1_c_counter_binary_0_0_ooc.xdc] for cell 'U0'
Parsing XDC File [D:/DSD_lab/Counter/Counter.runs/design_1_c_counter_binary_0_0_synth_1/dont_touch.xdc]
Finished Parsing XDC File [D:/DSD_lab/Counter/Counter.runs/design_1_c_counter_binary_0_0_synth_1/dont_touch.xdc]
Completed Processing XDC Constraints

Netlist sorting complete. Time (s): cpu = 00:00:00 ; elapsed = 00:00:00 . Memory (MB): peak = 1315.617 ; gain = 0.000
INFO: [Project 1-111] Unisim Transformation Summary:
No Unisim elements were transformed.

Constraint Validation Runtime : Time (s): cpu = 00:00:00 ; elapsed = 00:00:00.019 . Memory (MB): peak = 1315.617 ; gain = 0.000
INFO: [Designutils 20-5008] Incremental synthesis strategy off
INFO: [Synth 8-11241] undeclared symbol 'REGCCE', assumed default net type 'wire' [C:/Xilinx/Vivado/2022.2/data/verilog/src/unimacro/BRAM_SINGLE_MACRO.v:2170]
---------------------------------------------------------------------------------
Finished Constraint Validation : Time (s): cpu = 00:00:09 ; elapsed = 00:00:18 . Memory (MB): peak = 1315.617 ; gain = 528.398
---------------------------------------------------------------------------------
---------------------------------------------------------------------------------
Start Loading Part and Timing Information
---------------------------------------------------------------------------------
Loading part: xc7s50csga324-1
---------------------------------------------------------------------------------
Finished Loading Part and Timing Information : Time (s): cpu = 00:00:09 ; elapsed = 00:00:18 . Memory (MB): peak = 1315.617 ; gain = 528.398
---------------------------------------------------------------------------------
---------------------------------------------------------------------------------
Start Applying 'set_property' XDC Constraints
---------------------------------------------------------------------------------
Applied set_property KEEP_HIERARCHY = SOFT for U0. (constraint file  D:/DSD_lab/Counter/Counter.runs/design_1_c_counter_binary_0_0_synth_1/dont_touch.xdc, line 9).
---------------------------------------------------------------------------------
Finished applying 'set_property' XDC Constraints : Time (s): cpu = 00:00:09 ; elapsed = 00:00:18 . Memory (MB): peak = 1315.617 ; gain = 528.398
---------------------------------------------------------------------------------
---------------------------------------------------------------------------------
Finished RTL Optimization Phase 2 : Time (s): cpu = 00:00:09 ; elapsed = 00:00:19 . Memory (MB): peak = 1315.617 ; gain = 528.398
---------------------------------------------------------------------------------
---------------------------------------------------------------------------------
Start RTL Component Statistics 
---------------------------------------------------------------------------------
---------------------------------------------------------------------------------
Finished RTL Component Statistics 
---------------------------------------------------------------------------------
---------------------------------------------------------------------------------
Start Part Resource Summary
---------------------------------------------------------------------------------
Part Resources:
DSPs: 120 (col length:60)
BRAMs: 150 (col length: RAMB18 60 RAMB36 30)
---------------------------------------------------------------------------------
Finished Part Resource Summary
---------------------------------------------------------------------------------
---------------------------------------------------------------------------------
Start Cross Boundary and Area Optimization
---------------------------------------------------------------------------------
WARNING: [Synth 8-7080] Parallel synthesis criteria is not met
WARNING: [Synth 8-7129] Port CE in module c_counter_binary_v12_0_15_viv is either unconnected or has no load
WARNING: [Synth 8-7129] Port SCLR in module c_counter_binary_v12_0_15_viv is either unconnected or has no load
WARNING: [Synth 8-7129] Port SSET in module c_counter_binary_v12_0_15_viv is either unconnected or has no load
WARNING: [Synth 8-7129] Port SINIT in module c_counter_binary_v12_0_15_viv is either unconnected or has no load
WARNING: [Synth 8-7129] Port LOAD in module c_counter_binary_v12_0_15_viv is either unconnected or has no load
WARNING: [Synth 8-7129] Port L[15] in module c_counter_binary_v12_0_15_viv is either unconnected or has no load
WARNING: [Synth 8-7129] Port L[14] in module c_counter_binary_v12_0_15_viv is either unconnected or has no load
WARNING: [Synth 8-7129] Port L[13] in module c_counter_binary_v12_0_15_viv is either unconnected or has no load
WARNING: [Synth 8-7129] Port L[12] in module c_counter_binary_v12_0_15_viv is either unconnected or has no load
WARNING: [Synth 8-7129] Port L[11] in module c_counter_binary_v12_0_15_viv is either unconnected or has no load
WARNING: [Synth 8-7129] Port L[10] in module c_counter_binary_v12_0_15_viv is either unconnected or has no load
WARNING: [Synth 8-7129] Port L[9] in module c_counter_binary_v12_0_15_viv is either unconnected or has no load
WARNING: [Synth 8-7129] Port L[8] in module c_counter_binary_v12_0_15_viv is either unconnected or has no load
WARNING: [Synth 8-7129] Port L[7] in module c_counter_binary_v12_0_15_viv is either unconnected or has no load
WARNING: [Synth 8-7129] Port L[6] in module c_counter_binary_v12_0_15_viv is either unconnected or has no load
WARNING: [Synth 8-7129] Port L[5] in module c_counter_binary_v12_0_15_viv is either unconnected or has no load
WARNING: [Synth 8-7129] Port L[4] in module c_counter_binary_v12_0_15_viv is either unconnected or has no load
WARNING: [Synth 8-7129] Port L[3] in module c_counter_binary_v12_0_15_viv is either unconnected or has no load
WARNING: [Synth 8-7129] Port L[2] in module c_counter_binary_v12_0_15_viv is either unconnected or has no load
WARNING: [Synth 8-7129] Port L[1] in module c_counter_binary_v12_0_15_viv is either unconnected or has no load
WARNING: [Synth 8-7129] Port L[0] in module c_counter_binary_v12_0_15_viv is either unconnected or has no load
---------------------------------------------------------------------------------
Finished Cross Boundary and Area Optimization : Time (s): cpu = 00:00:10 ; elapsed = 00:00:21 . Memory (MB): peak = 1315.617 ; gain = 528.398
---------------------------------------------------------------------------------
---------------------------------------------------------------------------------
Start Applying XDC Timing Constraints
---------------------------------------------------------------------------------
---------------------------------------------------------------------------------
Finished Applying XDC Timing Constraints : Time (s): cpu = 00:00:13 ; elapsed = 00:00:26 . Memory (MB): peak = 1315.617 ; gain = 528.398
---------------------------------------------------------------------------------
---------------------------------------------------------------------------------
Start Timing Optimization
---------------------------------------------------------------------------------
---------------------------------------------------------------------------------
Finished Timing Optimization : Time (s): cpu = 00:00:13 ; elapsed = 00:00:26 . Memory (MB): peak = 1320.398 ; gain = 533.180
---------------------------------------------------------------------------------
---------------------------------------------------------------------------------
Start Technology Mapping
---------------------------------------------------------------------------------
---------------------------------------------------------------------------------
Finished Technology Mapping : Time (s): cpu = 00:00:13 ; elapsed = 00:00:26 . Memory (MB): peak = 1329.938 ; gain = 542.719
---------------------------------------------------------------------------------
---------------------------------------------------------------------------------
Start IO Insertion
---------------------------------------------------------------------------------
---------------------------------------------------------------------------------
Start Flattening Before IO Insertion
---------------------------------------------------------------------------------
---------------------------------------------------------------------------------
Finished Flattening Before IO Insertion
---------------------------------------------------------------------------------
---------------------------------------------------------------------------------
Start Final Netlist Cleanup
---------------------------------------------------------------------------------
---------------------------------------------------------------------------------
Finished Final Netlist Cleanup
---------------------------------------------------------------------------------
---------------------------------------------------------------------------------
Finished IO Insertion : Time (s): cpu = 00:00:15 ; elapsed = 00:00:31 . Memory (MB): peak = 1334.734 ; gain = 547.516
---------------------------------------------------------------------------------
---------------------------------------------------------------------------------
Start Renaming Generated Instances
---------------------------------------------------------------------------------
---------------------------------------------------------------------------------
Finished Renaming Generated Instances : Time (s): cpu = 00:00:15 ; elapsed = 00:00:31 . Memory (MB): peak = 1334.734 ; gain = 547.516
---------------------------------------------------------------------------------
---------------------------------------------------------------------------------
Start Rebuilding User Hierarchy
---------------------------------------------------------------------------------
---------------------------------------------------------------------------------
Finished Rebuilding User Hierarchy : Time (s): cpu = 00:00:15 ; elapsed = 00:00:31 . Memory (MB): peak = 1334.734 ; gain = 547.516
---------------------------------------------------------------------------------
---------------------------------------------------------------------------------
Start Renaming Generated Ports
---------------------------------------------------------------------------------
---------------------------------------------------------------------------------
Finished Renaming Generated Ports : Time (s): cpu = 00:00:15 ; elapsed = 00:00:31 . Memory (MB): peak = 1334.734 ; gain = 547.516
---------------------------------------------------------------------------------
---------------------------------------------------------------------------------
Start Handling Custom Attributes
---------------------------------------------------------------------------------
---------------------------------------------------------------------------------
Finished Handling Custom Attributes : Time (s): cpu = 00:00:15 ; elapsed = 00:00:31 . Memory (MB): peak = 1334.734 ; gain = 547.516
---------------------------------------------------------------------------------
---------------------------------------------------------------------------------
Start Renaming Generated Nets
---------------------------------------------------------------------------------
---------------------------------------------------------------------------------
Finished Renaming Generated Nets : Time (s): cpu = 00:00:15 ; elapsed = 00:00:31 . Memory (MB): peak = 1334.734 ; gain = 547.516
---------------------------------------------------------------------------------
---------------------------------------------------------------------------------
Start Writing Synthesis Report
---------------------------------------------------------------------------------

Report BlackBoxes: 
+-+--------------+----------+
| |BlackBox name |Instances |
+-+--------------+----------+
+-+--------------+----------+

Report Cell Usage: 
+------+------+------+
|      |Cell  |Count |
+------+------+------+
|1     |LUT1  |     1|
|2     |LUT2  |    16|
|3     |MUXCY |    15|
|4     |XORCY |    16|
|5     |FDRE  |    16|
+------+------+------+
---------------------------------------------------------------------------------
Finished Writing Synthesis Report : Time (s): cpu = 00:00:15 ; elapsed = 00:00:31 . Memory (MB): peak = 1334.734 ; gain = 547.516
---------------------------------------------------------------------------------
Synthesis finished with 0 errors, 0 critical warnings and 22 warnings.
Synthesis Optimization Runtime : Time (s): cpu = 00:00:09 ; elapsed = 00:00:29 . Memory (MB): peak = 1334.734 ; gain = 547.516
Synthesis Optimization Complete : Time (s): cpu = 00:00:15 ; elapsed = 00:00:31 . Memory (MB): peak = 1334.734 ; gain = 547.516
INFO: [Project 1-571] Translating synthesized netlist
Netlist sorting complete. Time (s): cpu = 00:00:00 ; elapsed = 00:00:00.001 . Memory (MB): peak = 1334.734 ; gain = 0.000
INFO: [Netlist 29-17] Analyzing 31 Unisim elements for replacement
INFO: [Netlist 29-28] Unisim Transformation completed in 0 CPU seconds
INFO: [Project 1-570] Preparing netlist for logic optimization
INFO: [Opt 31-138] Pushed 0 inverter(s) to 0 load pin(s).
Netlist sorting complete. Time (s): cpu = 00:00:00 ; elapsed = 00:00:00 . Memory (MB): peak = 1354.094 ; gain = 0.000
INFO: [Project 1-111] Unisim Transformation Summary:
  A total of 4 instances were transformed.
  (MUXCY,XORCY) => CARRY4: 4 instances

Synth Design complete, checksum: fe11b4a6
INFO: [Common 17-83] Releasing license: Synthesis
23 Infos, 92 Warnings, 0 Critical Warnings and 0 Errors encountered.
synth_design completed successfully
synth_design: Time (s): cpu = 00:00:18 ; elapsed = 00:00:35 . Memory (MB): peak = 1354.094 ; gain = 941.785
INFO: [Common 17-1381] The checkpoint 'D:/DSD_lab/Counter/Counter.runs/design_1_c_counter_binary_0_0_synth_1/design_1_c_counter_binary_0_0.dcp' has been generated.
INFO: [Coretcl 2-1648] Added synthesis output to IP cache for IP design_1_c_counter_binary_0_0, cache-ID = 8a29af43b6f6ddac
INFO: [Coretcl 2-1174] Renamed 7 cell refs.
INFO: [Common 17-1381] The checkpoint 'D:/DSD_lab/Counter/Counter.runs/design_1_c_counter_binary_0_0_synth_1/design_1_c_counter_binary_0_0.dcp' has been generated.
INFO: [runtcl-4] Executing : report_utilization -file design_1_c_counter_binary_0_0_utilization_synth.rpt -pb design_1_c_counter_binary_0_0_utilization_synth.pb
INFO: [Common 17-206] Exiting Vivado at Sat Oct 26 12:05:40 2024...
