Copyright 1986-2022 Xilinx, Inc. All Rights Reserved.
----------------------------------------------------------------------------------------
| Tool Version : Vivado v.2022.2 (win64) Build 3671981 Fri Oct 14 05:00:03 MDT 2022
| Date         : Sat Nov  9 16:20:06 2024
| Host         : DESKTOP-K2CAF5A running 64-bit major release  (build 9200)
| Command      : report_control_sets -verbose -file atm_machine_control_sets_placed.rpt
| Design       : atm_machine
| Device       : xc7s50
----------------------------------------------------------------------------------------

Control Set Information

Table of Contents
-----------------
1. Summary
2. Histogram
3. Flip-Flop Distribution
4. Detailed Control Set Information

1. Summary
----------

+----------------------------------------------------------+-------+
|                          Status                          | Count |
+----------------------------------------------------------+-------+
| Total control sets                                       |    14 |
|    Minimum number of control sets                        |    14 |
|    Addition due to synthesis replication                 |     0 |
|    Addition due to physical synthesis replication        |     0 |
| Unused register locations in slices containing registers |    18 |
+----------------------------------------------------------+-------+
* Control sets can be merged at opt_design using control_set_merge or merge_equivalent_drivers
** Run report_qor_suggestions for automated merging and remapping suggestions


2. Histogram
------------

+--------------------+-------+
|       Fanout       | Count |
+--------------------+-------+
| Total control sets |    14 |
| >= 0 to < 4        |     2 |
| >= 4 to < 6        |     0 |
| >= 6 to < 8        |     0 |
| >= 8 to < 10       |     0 |
| >= 10 to < 12      |     0 |
| >= 12 to < 14      |     0 |
| >= 14 to < 16      |     0 |
| >= 16              |    12 |
+--------------------+-------+
* Control sets can be remapped at either synth_design or opt_design


3. Flip-Flop Distribution
-------------------------

+--------------+-----------------------+------------------------+-----------------+--------------+
| Clock Enable | Synchronous Set/Reset | Asynchronous Set/Reset | Total Registers | Total Slices |
+--------------+-----------------------+------------------------+-----------------+--------------+
| No           | No                    | No                     |               0 |            0 |
| No           | No                    | Yes                    |              18 |            5 |
| No           | Yes                   | No                     |               0 |            0 |
| Yes          | No                    | No                     |              19 |            6 |
| Yes          | No                    | Yes                    |             161 |           43 |
| Yes          | Yes                   | No                     |               0 |            0 |
+--------------+-----------------------+------------------------+-----------------+--------------+


4. Detailed Control Set Information
-----------------------------------

+----------------+-------------------------------------+------------------+------------------+----------------+--------------+
|  Clock Signal  |            Enable Signal            | Set/Reset Signal | Slice Load Count | Bel Load Count | Bels / Slice |
+----------------+-------------------------------------+------------------+------------------+----------------+--------------+
|  clk_IBUF_BUFG | actions/insufficient_funds_i_1_n_0  | reset_IBUF       |                1 |              1 |         1.00 |
|  clk_IBUF_BUFG | actions/transaction_type[2]_i_1_n_0 |                  |                1 |              3 |         3.00 |
|  clk_IBUF_BUFG | actions/balances[7][15]_i_1_n_0     | reset_IBUF       |                4 |             16 |         4.00 |
|  clk_IBUF_BUFG | actions/balances[5][15]_i_1_n_0     | reset_IBUF       |                4 |             16 |         4.00 |
|  clk_IBUF_BUFG | actions/balances[0][15]_i_1_n_0     | reset_IBUF       |                4 |             16 |         4.00 |
|  clk_IBUF_BUFG | actions/balances[1][15]_i_1_n_0     | reset_IBUF       |                6 |             16 |         2.67 |
|  clk_IBUF_BUFG | actions/balances[3][15]_i_1_n_0     | reset_IBUF       |                3 |             16 |         5.33 |
|  clk_IBUF_BUFG | actions/balances[9][15]_i_1_n_0     | reset_IBUF       |                5 |             16 |         3.20 |
|  clk_IBUF_BUFG | actions/balances[4][15]_i_1_n_0     | reset_IBUF       |                3 |             16 |         5.33 |
|  clk_IBUF_BUFG | actions/balances[8][15]_i_1_n_0     | reset_IBUF       |                4 |             16 |         4.00 |
|  clk_IBUF_BUFG | actions/balances[2][15]_i_1_n_0     | reset_IBUF       |                4 |             16 |         4.00 |
|  clk_IBUF_BUFG | actions/balances[6][15]_i_1_n_0     | reset_IBUF       |                5 |             16 |         3.20 |
|  clk_IBUF_BUFG | actions/new_balance[15]_i_1_n_0     |                  |                5 |             16 |         3.20 |
|  clk_IBUF_BUFG |                                     | reset_IBUF       |                5 |             18 |         3.60 |
+----------------+-------------------------------------+------------------+------------------+----------------+--------------+


