
*** Running vivado
    with args -log johnson_counter.vds -m64 -product Vivado -mode batch -messageDb vivado.pb -notrace -source johnson_counter.tcl



****** Vivado v2022.2 (64-bit)
  **** SW Build 3671981 on Fri Oct 14 05:00:03 MDT 2022
  **** IP Build 3669848 on Fri Oct 14 08:30:02 MDT 2022
    ** Copyright 1986-2022 Xilinx, Inc. All Rights Reserved.

source johnson_counter.tcl -notrace
Command: read_checkpoint -auto_incremental -incremental D:/DSD_lab/JhonsonCounter/JhonsonCounter.srcs/utils_1/imports/synth_1/Counter.dcp
INFO: [Vivado 12-5825] Read reference checkpoint from D:/DSD_lab/JhonsonCounter/JhonsonCounter.srcs/utils_1/imports/synth_1/Counter.dcp for incremental synthesis
INFO: [Vivado 12-7989] Please ensure there are no constraint changes
Command: synth_design -top johnson_counter -part xc7s50csga324-1
Starting synth_design
Attempting to get a license for feature 'Synthesis' and/or device 'xc7s50'
INFO: [Common 17-349] Got license for feature 'Synthesis' and/or device 'xc7s50'
INFO: [Device 21-403] Loading part xc7s50csga324-1
INFO: [Designutils 20-5440] No compile time benefit to using incremental synthesis; A full resynthesis will be run
INFO: [Designutils 20-4379] Flow is switching to default flow due to incremental criteria not met. If you would like to alter this behaviour and have the flow terminate instead, please set the following parameter config_implementation {autoIncr.Synth.RejectBehavior Terminate}
INFO: [Synth 8-7079] Multithreading enabled for synth_design using a maximum of 2 processes.
INFO: [Synth 8-7078] Launching helper process for spawning children vivado processes
INFO: [Synth 8-7075] Helper process launched with PID 7732
INFO: [Synth 8-11241] undeclared symbol 'REGCCE', assumed default net type 'wire' [C:/Xilinx/Vivado/2022.2/data/verilog/src/unimacro/BRAM_SINGLE_MACRO.v:2170]
WARNING: [Synth 8-11121] redeclaration of ANSI port 'count' is not allowed [D:/DSD_lab/JhonsonCounter/JhonsonCounter.srcs/sources_1/new/Counter.v:6]
---------------------------------------------------------------------------------
Starting RTL Elaboration : Time (s): cpu = 00:00:03 ; elapsed = 00:00:03 . Memory (MB): peak = 1187.402 ; gain = 408.180
---------------------------------------------------------------------------------
INFO: [Synth 8-6157] synthesizing module 'johnson_counter' [D:/DSD_lab/JhonsonCounter/JhonsonCounter.srcs/sources_1/new/Counter.v:2]
INFO: [Synth 8-6155] done synthesizing module 'johnson_counter' (0#1) [D:/DSD_lab/JhonsonCounter/JhonsonCounter.srcs/sources_1/new/Counter.v:2]
WARNING: [Synth 8-6014] Unused sequential element counter_reg was removed.  [D:/DSD_lab/JhonsonCounter/JhonsonCounter.srcs/sources_1/new/Counter.v:10]
---------------------------------------------------------------------------------
Finished RTL Elaboration : Time (s): cpu = 00:00:04 ; elapsed = 00:00:04 . Memory (MB): peak = 1276.902 ; gain = 497.680
---------------------------------------------------------------------------------
---------------------------------------------------------------------------------
Start Handling Custom Attributes
---------------------------------------------------------------------------------
---------------------------------------------------------------------------------
Finished Handling Custom Attributes : Time (s): cpu = 00:00:04 ; elapsed = 00:00:04 . Memory (MB): peak = 1276.902 ; gain = 497.680
---------------------------------------------------------------------------------
---------------------------------------------------------------------------------
Finished RTL Optimization Phase 1 : Time (s): cpu = 00:00:04 ; elapsed = 00:00:04 . Memory (MB): peak = 1276.902 ; gain = 497.680
---------------------------------------------------------------------------------
Netlist sorting complete. Time (s): cpu = 00:00:00 ; elapsed = 00:00:00 . Memory (MB): peak = 1276.902 ; gain = 0.000
INFO: [Project 1-570] Preparing netlist for logic optimization

Processing XDC Constraints
Initializing timing engine
Parsing XDC File [D:/DSD_lab/JhonsonCounter/JhonsonCounter.srcs/constrs_1/new/JhonsonCounter.xdc]
WARNING: [Vivado 12-584] No ports matched 'out[3]'. [D:/DSD_lab/JhonsonCounter/JhonsonCounter.srcs/constrs_1/new/JhonsonCounter.xdc:1]
CRITICAL WARNING: [Common 17-55] 'set_property' expects at least one object. [D:/DSD_lab/JhonsonCounter/JhonsonCounter.srcs/constrs_1/new/JhonsonCounter.xdc:1]
Resolution: If [get_<value>] was used to populate the object, check to make sure this command returns at least one valid object.
WARNING: [Vivado 12-584] No ports matched 'out[2]'. [D:/DSD_lab/JhonsonCounter/JhonsonCounter.srcs/constrs_1/new/JhonsonCounter.xdc:2]
CRITICAL WARNING: [Common 17-55] 'set_property' expects at least one object. [D:/DSD_lab/JhonsonCounter/JhonsonCounter.srcs/constrs_1/new/JhonsonCounter.xdc:2]
Resolution: If [get_<value>] was used to populate the object, check to make sure this command returns at least one valid object.
WARNING: [Vivado 12-584] No ports matched 'out[1]'. [D:/DSD_lab/JhonsonCounter/JhonsonCounter.srcs/constrs_1/new/JhonsonCounter.xdc:3]
CRITICAL WARNING: [Common 17-55] 'set_property' expects at least one object. [D:/DSD_lab/JhonsonCounter/JhonsonCounter.srcs/constrs_1/new/JhonsonCounter.xdc:3]
Resolution: If [get_<value>] was used to populate the object, check to make sure this command returns at least one valid object.
WARNING: [Vivado 12-584] No ports matched 'out[0]'. [D:/DSD_lab/JhonsonCounter/JhonsonCounter.srcs/constrs_1/new/JhonsonCounter.xdc:4]
CRITICAL WARNING: [Common 17-55] 'set_property' expects at least one object. [D:/DSD_lab/JhonsonCounter/JhonsonCounter.srcs/constrs_1/new/JhonsonCounter.xdc:4]
Resolution: If [get_<value>] was used to populate the object, check to make sure this command returns at least one valid object.
WARNING: [Vivado 12-584] No ports matched 'out[3]'. [D:/DSD_lab/JhonsonCounter/JhonsonCounter.srcs/constrs_1/new/JhonsonCounter.xdc:5]
CRITICAL WARNING: [Common 17-55] 'set_property' expects at least one object. [D:/DSD_lab/JhonsonCounter/JhonsonCounter.srcs/constrs_1/new/JhonsonCounter.xdc:5]
Resolution: If [get_<value>] was used to populate the object, check to make sure this command returns at least one valid object.
WARNING: [Vivado 12-584] No ports matched 'out[2]'. [D:/DSD_lab/JhonsonCounter/JhonsonCounter.srcs/constrs_1/new/JhonsonCounter.xdc:6]
CRITICAL WARNING: [Common 17-55] 'set_property' expects at least one object. [D:/DSD_lab/JhonsonCounter/JhonsonCounter.srcs/constrs_1/new/JhonsonCounter.xdc:6]
Resolution: If [get_<value>] was used to populate the object, check to make sure this command returns at least one valid object.
WARNING: [Vivado 12-584] No ports matched 'out[1]'. [D:/DSD_lab/JhonsonCounter/JhonsonCounter.srcs/constrs_1/new/JhonsonCounter.xdc:7]
CRITICAL WARNING: [Common 17-55] 'set_property' expects at least one object. [D:/DSD_lab/JhonsonCounter/JhonsonCounter.srcs/constrs_1/new/JhonsonCounter.xdc:7]
Resolution: If [get_<value>] was used to populate the object, check to make sure this command returns at least one valid object.
WARNING: [Vivado 12-584] No ports matched 'out[0]'. [D:/DSD_lab/JhonsonCounter/JhonsonCounter.srcs/constrs_1/new/JhonsonCounter.xdc:8]
CRITICAL WARNING: [Common 17-55] 'set_property' expects at least one object. [D:/DSD_lab/JhonsonCounter/JhonsonCounter.srcs/constrs_1/new/JhonsonCounter.xdc:8]
Resolution: If [get_<value>] was used to populate the object, check to make sure this command returns at least one valid object.
WARNING: [Vivado 12-584] No ports matched 'rstn'. [D:/DSD_lab/JhonsonCounter/JhonsonCounter.srcs/constrs_1/new/JhonsonCounter.xdc:10]
CRITICAL WARNING: [Common 17-55] 'set_property' expects at least one object. [D:/DSD_lab/JhonsonCounter/JhonsonCounter.srcs/constrs_1/new/JhonsonCounter.xdc:10]
Resolution: If [get_<value>] was used to populate the object, check to make sure this command returns at least one valid object.
WARNING: [Vivado 12-584] No ports matched 'rstn'. [D:/DSD_lab/JhonsonCounter/JhonsonCounter.srcs/constrs_1/new/JhonsonCounter.xdc:12]
CRITICAL WARNING: [Common 17-55] 'set_property' expects at least one object. [D:/DSD_lab/JhonsonCounter/JhonsonCounter.srcs/constrs_1/new/JhonsonCounter.xdc:12]
Resolution: If [get_<value>] was used to populate the object, check to make sure this command returns at least one valid object.
Finished Parsing XDC File [D:/DSD_lab/JhonsonCounter/JhonsonCounter.srcs/constrs_1/new/JhonsonCounter.xdc]
INFO: [Project 1-236] Implementation specific constraints were found while reading constraint file [D:/DSD_lab/JhonsonCounter/JhonsonCounter.srcs/constrs_1/new/JhonsonCounter.xdc]. These constraints will be ignored for synthesis but will be used in implementation. Impacted constraints are listed in the file [.Xil/johnson_counter_propImpl.xdc].
Resolution: To avoid this warning, move constraints listed in [.Xil/johnson_counter_propImpl.xdc] to another XDC file and exclude this new file from synthesis with the used_in_synthesis property (File Properties dialog in GUI) and re-run elaboration/synthesis.
Completed Processing XDC Constraints

Netlist sorting complete. Time (s): cpu = 00:00:00 ; elapsed = 00:00:00 . Memory (MB): peak = 1320.867 ; gain = 0.000
INFO: [Project 1-111] Unisim Transformation Summary:
No Unisim elements were transformed.

Constraint Validation Runtime : Time (s): cpu = 00:00:00 ; elapsed = 00:00:00 . Memory (MB): peak = 1320.867 ; gain = 0.000
INFO: [Designutils 20-5440] No compile time benefit to using incremental synthesis; A full resynthesis will be run
INFO: [Designutils 20-4379] Flow is switching to default flow due to incremental criteria not met. If you would like to alter this behaviour and have the flow terminate instead, please set the following parameter config_implementation {autoIncr.Synth.RejectBehavior Terminate}
INFO: [Synth 8-11241] undeclared symbol 'REGCCE', assumed default net type 'wire' [C:/Xilinx/Vivado/2022.2/data/verilog/src/unimacro/BRAM_SINGLE_MACRO.v:2170]
---------------------------------------------------------------------------------
Finished Constraint Validation : Time (s): cpu = 00:00:08 ; elapsed = 00:00:09 . Memory (MB): peak = 1320.867 ; gain = 541.645
---------------------------------------------------------------------------------
---------------------------------------------------------------------------------
Start Loading Part and Timing Information
---------------------------------------------------------------------------------
Loading part: xc7s50csga324-1
---------------------------------------------------------------------------------
Finished Loading Part and Timing Information : Time (s): cpu = 00:00:08 ; elapsed = 00:00:09 . Memory (MB): peak = 1320.867 ; gain = 541.645
---------------------------------------------------------------------------------
---------------------------------------------------------------------------------
Start Applying 'set_property' XDC Constraints
---------------------------------------------------------------------------------
---------------------------------------------------------------------------------
Finished applying 'set_property' XDC Constraints : Time (s): cpu = 00:00:08 ; elapsed = 00:00:09 . Memory (MB): peak = 1320.867 ; gain = 541.645
---------------------------------------------------------------------------------
---------------------------------------------------------------------------------
Finished RTL Optimization Phase 2 : Time (s): cpu = 00:00:08 ; elapsed = 00:00:09 . Memory (MB): peak = 1320.867 ; gain = 541.645
---------------------------------------------------------------------------------
---------------------------------------------------------------------------------
Start RTL Component Statistics 
---------------------------------------------------------------------------------
Detailed RTL Component Info : 
+---Adders : 
	   2 Input    4 Bit       Adders := 1     
+---Registers : 
	                4 Bit    Registers := 1     
---------------------------------------------------------------------------------
Finished RTL Component Statistics 
---------------------------------------------------------------------------------
---------------------------------------------------------------------------------
Start Part Resource Summary
---------------------------------------------------------------------------------
Part Resources:
DSPs: 120 (col length:60)
BRAMs: 150 (col length: RAMB18 60 RAMB36 30)
---------------------------------------------------------------------------------
Finished Part Resource Summary
---------------------------------------------------------------------------------
---------------------------------------------------------------------------------
Start Cross Boundary and Area Optimization
---------------------------------------------------------------------------------
WARNING: [Synth 8-7080] Parallel synthesis criteria is not met
---------------------------------------------------------------------------------
Finished Cross Boundary and Area Optimization : Time (s): cpu = 00:00:09 ; elapsed = 00:00:10 . Memory (MB): peak = 1320.867 ; gain = 541.645
---------------------------------------------------------------------------------
---------------------------------------------------------------------------------
Start Applying XDC Timing Constraints
---------------------------------------------------------------------------------
---------------------------------------------------------------------------------
Finished Applying XDC Timing Constraints : Time (s): cpu = 00:00:13 ; elapsed = 00:00:13 . Memory (MB): peak = 1320.867 ; gain = 541.645
---------------------------------------------------------------------------------
---------------------------------------------------------------------------------
Start Timing Optimization
---------------------------------------------------------------------------------
---------------------------------------------------------------------------------
Finished Timing Optimization : Time (s): cpu = 00:00:13 ; elapsed = 00:00:13 . Memory (MB): peak = 1320.867 ; gain = 541.645
---------------------------------------------------------------------------------
---------------------------------------------------------------------------------
Start Technology Mapping
---------------------------------------------------------------------------------
---------------------------------------------------------------------------------
Finished Technology Mapping : Time (s): cpu = 00:00:13 ; elapsed = 00:00:13 . Memory (MB): peak = 1320.867 ; gain = 541.645
---------------------------------------------------------------------------------
---------------------------------------------------------------------------------
Start IO Insertion
---------------------------------------------------------------------------------
---------------------------------------------------------------------------------
Start Flattening Before IO Insertion
---------------------------------------------------------------------------------
---------------------------------------------------------------------------------
Finished Flattening Before IO Insertion
---------------------------------------------------------------------------------
---------------------------------------------------------------------------------
Start Final Netlist Cleanup
---------------------------------------------------------------------------------
---------------------------------------------------------------------------------
Finished Final Netlist Cleanup
---------------------------------------------------------------------------------
---------------------------------------------------------------------------------
Finished IO Insertion : Time (s): cpu = 00:00:15 ; elapsed = 00:00:16 . Memory (MB): peak = 1320.867 ; gain = 541.645
---------------------------------------------------------------------------------
---------------------------------------------------------------------------------
Start Renaming Generated Instances
---------------------------------------------------------------------------------
---------------------------------------------------------------------------------
Finished Renaming Generated Instances : Time (s): cpu = 00:00:15 ; elapsed = 00:00:16 . Memory (MB): peak = 1320.867 ; gain = 541.645
---------------------------------------------------------------------------------
---------------------------------------------------------------------------------
Start Rebuilding User Hierarchy
---------------------------------------------------------------------------------
---------------------------------------------------------------------------------
Finished Rebuilding User Hierarchy : Time (s): cpu = 00:00:15 ; elapsed = 00:00:16 . Memory (MB): peak = 1320.867 ; gain = 541.645
---------------------------------------------------------------------------------
---------------------------------------------------------------------------------
Start Renaming Generated Ports
---------------------------------------------------------------------------------
---------------------------------------------------------------------------------
Finished Renaming Generated Ports : Time (s): cpu = 00:00:15 ; elapsed = 00:00:16 . Memory (MB): peak = 1320.867 ; gain = 541.645
---------------------------------------------------------------------------------
---------------------------------------------------------------------------------
Start Handling Custom Attributes
---------------------------------------------------------------------------------
---------------------------------------------------------------------------------
Finished Handling Custom Attributes : Time (s): cpu = 00:00:15 ; elapsed = 00:00:16 . Memory (MB): peak = 1320.867 ; gain = 541.645
---------------------------------------------------------------------------------
---------------------------------------------------------------------------------
Start Renaming Generated Nets
---------------------------------------------------------------------------------
---------------------------------------------------------------------------------
Finished Renaming Generated Nets : Time (s): cpu = 00:00:15 ; elapsed = 00:00:16 . Memory (MB): peak = 1320.867 ; gain = 541.645
---------------------------------------------------------------------------------
---------------------------------------------------------------------------------
Start Writing Synthesis Report
---------------------------------------------------------------------------------

Report BlackBoxes: 
+-+--------------+----------+
| |BlackBox name |Instances |
+-+--------------+----------+
+-+--------------+----------+

Report Cell Usage: 
+------+-----+------+
|      |Cell |Count |
+------+-----+------+
|1     |BUFG |     1|
|2     |LUT1 |     1|
|3     |LUT2 |     1|
|4     |LUT3 |     1|
|5     |LUT4 |     1|
|6     |FDRE |     4|
|7     |IBUF |     1|
|8     |OBUF |     4|
+------+-----+------+
---------------------------------------------------------------------------------
Finished Writing Synthesis Report : Time (s): cpu = 00:00:15 ; elapsed = 00:00:16 . Memory (MB): peak = 1320.867 ; gain = 541.645
---------------------------------------------------------------------------------
Synthesis finished with 0 errors, 0 critical warnings and 1 warnings.
Synthesis Optimization Runtime : Time (s): cpu = 00:00:11 ; elapsed = 00:00:15 . Memory (MB): peak = 1320.867 ; gain = 497.680
Synthesis Optimization Complete : Time (s): cpu = 00:00:16 ; elapsed = 00:00:16 . Memory (MB): peak = 1320.867 ; gain = 541.645
INFO: [Project 1-571] Translating synthesized netlist
Netlist sorting complete. Time (s): cpu = 00:00:00 ; elapsed = 00:00:00 . Memory (MB): peak = 1320.867 ; gain = 0.000
INFO: [Project 1-570] Preparing netlist for logic optimization
INFO: [Opt 31-138] Pushed 0 inverter(s) to 0 load pin(s).
Netlist sorting complete. Time (s): cpu = 00:00:00 ; elapsed = 00:00:00 . Memory (MB): peak = 1320.867 ; gain = 0.000
INFO: [Project 1-111] Unisim Transformation Summary:
No Unisim elements were transformed.

Synth Design complete, checksum: 382fe58e
INFO: [Common 17-83] Releasing license: Synthesis
23 Infos, 13 Warnings, 10 Critical Warnings and 0 Errors encountered.
synth_design completed successfully
synth_design: Time (s): cpu = 00:00:18 ; elapsed = 00:00:19 . Memory (MB): peak = 1320.867 ; gain = 914.613
INFO: [runtcl-6] Synthesis results are not added to the cache due to CRITICAL_WARNING
INFO: [Common 17-1381] The checkpoint 'D:/DSD_lab/JhonsonCounter/JhonsonCounter.runs/synth_1/johnson_counter.dcp' has been generated.
INFO: [runtcl-4] Executing : report_utilization -file johnson_counter_utilization_synth.rpt -pb johnson_counter_utilization_synth.pb
INFO: [Common 17-206] Exiting Vivado at Sat Oct  5 12:19:09 2024...
