Copyright 1986-2022 Xilinx, Inc. All Rights Reserved.
------------------------------------------------------------------------------------------------------------------------------------------------------------------------------------------------------------------------------------------
| Tool Version : Vivado v.2022.2 (win64) Build 3671981 Fri Oct 14 05:00:03 MDT 2022
| Date         : Sat Oct  5 12:19:52 2024
| Host         : DESKTOP-I6L5D8P running 64-bit major release  (build 9200)
| Command      : report_timing_summary -max_paths 10 -report_unconstrained -file johnson_counter_timing_summary_routed.rpt -pb johnson_counter_timing_summary_routed.pb -rpx johnson_counter_timing_summary_routed.rpx -warn_on_violation
| Design       : johnson_counter
| Device       : 7s50-csga324
| Speed File   : -1  PRODUCTION 1.23 2018-06-13
------------------------------------------------------------------------------------------------------------------------------------------------------------------------------------------------------------------------------------------

Timing Summary Report

------------------------------------------------------------------------------------------------
| Timer Settings
| --------------
------------------------------------------------------------------------------------------------

  Enable Multi Corner Analysis               :  Yes
  Enable Pessimism Removal                   :  Yes
  Pessimism Removal Resolution               :  Nearest Common Node
  Enable Input Delay Default Clock           :  No
  Enable Preset / Clear Arcs                 :  No
  Disable Flight Delays                      :  No
  Ignore I/O Paths                           :  No
  Timing Early Launch at Borrowing Latches   :  No
  Borrow Time for Max Delay Exceptions       :  Yes
  Merge Timing Exceptions                    :  Yes

  Corner  Analyze    Analyze    
  Name    Max Paths  Min Paths  
  ------  ---------  ---------  
  Slow    Yes        Yes        
  Fast    Yes        Yes        


------------------------------------------------------------------------------------------------
| Report Methodology
| ------------------
------------------------------------------------------------------------------------------------

Rule       Severity          Description                  Violations  
---------  ----------------  ---------------------------  ----------  
TIMING-17  Critical Warning  Non-clocked sequential cell  4           

Note: This report is based on the most recent report_methodology run and may not be up-to-date. Run report_methodology on the current design for the latest report.



check_timing report

Table of Contents
-----------------
1. checking no_clock (4)
2. checking constant_clock (0)
3. checking pulse_width_clock (0)
4. checking unconstrained_internal_endpoints (4)
5. checking no_input_delay (0)
6. checking no_output_delay (4)
7. checking multiple_clock (0)
8. checking generated_clocks (0)
9. checking loops (0)
10. checking partial_input_delay (0)
11. checking partial_output_delay (0)
12. checking latch_loops (0)

1. checking no_clock (4)
------------------------
 There are 4 register/latch pins with no clock driven by root clock pin: clk (HIGH)


2. checking constant_clock (0)
------------------------------
 There are 0 register/latch pins with constant_clock.


3. checking pulse_width_clock (0)
---------------------------------
 There are 0 register/latch pins which need pulse_width check


4. checking unconstrained_internal_endpoints (4)
------------------------------------------------
 There are 4 pins that are not constrained for maximum delay. (HIGH)

 There are 0 pins that are not constrained for maximum delay due to constant clock.


5. checking no_input_delay (0)
------------------------------
 There are 0 input ports with no input delay specified.

 There are 0 input ports with no input delay but user has a false path constraint.


6. checking no_output_delay (4)
-------------------------------
 There are 4 ports with no output delay specified. (HIGH)

 There are 0 ports with no output delay but user has a false path constraint

 There are 0 ports with no output delay but with a timing clock defined on it or propagating through it


7. checking multiple_clock (0)
------------------------------
 There are 0 register/latch pins with multiple clocks.


8. checking generated_clocks (0)
--------------------------------
 There are 0 generated clocks that are not connected to a clock source.


9. checking loops (0)
---------------------
 There are 0 combinational loops in the design.


10. checking partial_input_delay (0)
------------------------------------
 There are 0 input ports with partial input delay specified.


11. checking partial_output_delay (0)
-------------------------------------
 There are 0 ports with partial output delay specified.


12. checking latch_loops (0)
----------------------------
 There are 0 combinational latch loops in the design through latch input



------------------------------------------------------------------------------------------------
| Design Timing Summary
| ---------------------
------------------------------------------------------------------------------------------------

    WNS(ns)      TNS(ns)  TNS Failing Endpoints  TNS Total Endpoints      WHS(ns)      THS(ns)  THS Failing Endpoints  THS Total Endpoints     WPWS(ns)     TPWS(ns)  TPWS Failing Endpoints  TPWS Total Endpoints  
    -------      -------  ---------------------  -------------------      -------      -------  ---------------------  -------------------     --------     --------  ----------------------  --------------------  
        inf        0.000                      0                    8          inf        0.000                      0                    8           NA           NA                      NA                    NA  


There are no user specified timing constraints.


------------------------------------------------------------------------------------------------
| Clock Summary
| -------------
------------------------------------------------------------------------------------------------


------------------------------------------------------------------------------------------------
| Intra Clock Table
| -----------------
------------------------------------------------------------------------------------------------

Clock             WNS(ns)      TNS(ns)  TNS Failing Endpoints  TNS Total Endpoints      WHS(ns)      THS(ns)  THS Failing Endpoints  THS Total Endpoints     WPWS(ns)     TPWS(ns)  TPWS Failing Endpoints  TPWS Total Endpoints  
-----             -------      -------  ---------------------  -------------------      -------      -------  ---------------------  -------------------     --------     --------  ----------------------  --------------------  


------------------------------------------------------------------------------------------------
| Inter Clock Table
| -----------------
------------------------------------------------------------------------------------------------

From Clock    To Clock          WNS(ns)      TNS(ns)  TNS Failing Endpoints  TNS Total Endpoints      WHS(ns)      THS(ns)  THS Failing Endpoints  THS Total Endpoints  
----------    --------          -------      -------  ---------------------  -------------------      -------      -------  ---------------------  -------------------  


------------------------------------------------------------------------------------------------
| Other Path Groups Table
| -----------------------
------------------------------------------------------------------------------------------------

Path Group    From Clock    To Clock          WNS(ns)      TNS(ns)  TNS Failing Endpoints  TNS Total Endpoints      WHS(ns)      THS(ns)  THS Failing Endpoints  THS Total Endpoints  
----------    ----------    --------          -------      -------  ---------------------  -------------------      -------      -------  ---------------------  -------------------  


------------------------------------------------------------------------------------------------
| User Ignored Path Table
| -----------------------
------------------------------------------------------------------------------------------------

Path Group    From Clock    To Clock    
----------    ----------    --------    


------------------------------------------------------------------------------------------------
| Unconstrained Path Table
| ------------------------
------------------------------------------------------------------------------------------------

Path Group    From Clock    To Clock    
----------    ----------    --------    
(none)                                    


------------------------------------------------------------------------------------------------
| Timing Details
| --------------
------------------------------------------------------------------------------------------------


--------------------------------------------------------------------------------------
Path Group:  (none)
From Clock:  
  To Clock:  

Max Delay             8 Endpoints
Min Delay             8 Endpoints
--------------------------------------------------------------------------------------


Max Delay Paths
--------------------------------------------------------------------------------------
Slack:                    inf
  Source:                 count_reg[1]/C
                            (rising edge-triggered cell FDRE)
  Destination:            count[1]
                            (output port)
  Path Group:             (none)
  Path Type:              Max at Slow Process Corner
  Data Path Delay:        5.943ns  (logic 4.121ns (69.347%)  route 1.822ns (30.653%))
  Logic Levels:           2  (FDRE=1 OBUF=1)

    Location             Delay type                Incr(ns)  Path(ns)    Netlist Resource(s)
  -------------------------------------------------------------------    -------------------
    SLICE_X65Y82         FDRE                         0.000     0.000 r  count_reg[1]/C
    SLICE_X65Y82         FDRE (Prop_fdre_C_Q)         0.419     0.419 r  count_reg[1]/Q
                         net (fo=4, routed)           1.822     2.241    count_OBUF[1]
    B4                   OBUF (Prop_obuf_I_O)         3.702     5.943 r  count_OBUF[1]_inst/O
                         net (fo=0)                   0.000     5.943    count[1]
    B4                                                                r  count[1] (OUT)
  -------------------------------------------------------------------    -------------------

Slack:                    inf
  Source:                 count_reg[3]/C
                            (rising edge-triggered cell FDRE)
  Destination:            count[3]
                            (output port)
  Path Group:             (none)
  Path Type:              Max at Slow Process Corner
  Data Path Delay:        5.798ns  (logic 4.117ns (71.008%)  route 1.681ns (28.992%))
  Logic Levels:           2  (FDRE=1 OBUF=1)

    Location             Delay type                Incr(ns)  Path(ns)    Netlist Resource(s)
  -------------------------------------------------------------------    -------------------
    SLICE_X65Y82         FDRE                         0.000     0.000 r  count_reg[3]/C
    SLICE_X65Y82         FDRE (Prop_fdre_C_Q)         0.419     0.419 r  count_reg[3]/Q
                         net (fo=2, routed)           1.681     2.100    count_OBUF[3]
    B3                   OBUF (Prop_obuf_I_O)         3.698     5.798 r  count_OBUF[3]_inst/O
                         net (fo=0)                   0.000     5.798    count[3]
    B3                                                                r  count[3] (OUT)
  -------------------------------------------------------------------    -------------------

Slack:                    inf
  Source:                 count_reg[0]/C
                            (rising edge-triggered cell FDRE)
  Destination:            count[0]
                            (output port)
  Path Group:             (none)
  Path Type:              Max at Slow Process Corner
  Data Path Delay:        5.698ns  (logic 3.998ns (70.177%)  route 1.699ns (29.823%))
  Logic Levels:           2  (FDRE=1 OBUF=1)

    Location             Delay type                Incr(ns)  Path(ns)    Netlist Resource(s)
  -------------------------------------------------------------------    -------------------
    SLICE_X65Y82         FDRE                         0.000     0.000 r  count_reg[0]/C
    SLICE_X65Y82         FDRE (Prop_fdre_C_Q)         0.456     0.456 r  count_reg[0]/Q
                         net (fo=5, routed)           1.699     2.155    count_OBUF[0]
    A4                   OBUF (Prop_obuf_I_O)         3.542     5.698 r  count_OBUF[0]_inst/O
                         net (fo=0)                   0.000     5.698    count[0]
    A4                                                                r  count[0] (OUT)
  -------------------------------------------------------------------    -------------------

Slack:                    inf
  Source:                 count_reg[2]/C
                            (rising edge-triggered cell FDRE)
  Destination:            count[2]
                            (output port)
  Path Group:             (none)
  Path Type:              Max at Slow Process Corner
  Data Path Delay:        5.674ns  (logic 3.993ns (70.371%)  route 1.681ns (29.629%))
  Logic Levels:           2  (FDRE=1 OBUF=1)

    Location             Delay type                Incr(ns)  Path(ns)    Netlist Resource(s)
  -------------------------------------------------------------------    -------------------
    SLICE_X65Y82         FDRE                         0.000     0.000 r  count_reg[2]/C
    SLICE_X65Y82         FDRE (Prop_fdre_C_Q)         0.456     0.456 r  count_reg[2]/Q
                         net (fo=3, routed)           1.681     2.137    count_OBUF[2]
    A3                   OBUF (Prop_obuf_I_O)         3.537     5.674 r  count_OBUF[2]_inst/O
                         net (fo=0)                   0.000     5.674    count[2]
    A3                                                                r  count[2] (OUT)
  -------------------------------------------------------------------    -------------------

Slack:                    inf
  Source:                 count_reg[1]/C
                            (rising edge-triggered cell FDRE)
  Destination:            count_reg[1]/D
  Path Group:             (none)
  Path Type:              Max at Slow Process Corner
  Data Path Delay:        1.622ns  (logic 0.746ns (45.994%)  route 0.876ns (54.006%))
  Logic Levels:           2  (FDRE=1 LUT2=1)

    Location             Delay type                Incr(ns)  Path(ns)    Netlist Resource(s)
  -------------------------------------------------------------------    -------------------
    SLICE_X65Y82         FDRE                         0.000     0.000 r  count_reg[1]/C
    SLICE_X65Y82         FDRE (Prop_fdre_C_Q)         0.419     0.419 r  count_reg[1]/Q
                         net (fo=4, routed)           0.876     1.295    count_OBUF[1]
    SLICE_X65Y82         LUT2 (Prop_lut2_I1_O)        0.327     1.622 r  count[1]_i_1/O
                         net (fo=1, routed)           0.000     1.622    p_0_in[1]
    SLICE_X65Y82         FDRE                                         r  count_reg[1]/D
  -------------------------------------------------------------------    -------------------

Slack:                    inf
  Source:                 count_reg[3]/C
                            (rising edge-triggered cell FDRE)
  Destination:            count_reg[3]/D
  Path Group:             (none)
  Path Type:              Max at Slow Process Corner
  Data Path Delay:        1.429ns  (logic 0.743ns (51.979%)  route 0.686ns (48.021%))
  Logic Levels:           2  (FDRE=1 LUT4=1)

    Location             Delay type                Incr(ns)  Path(ns)    Netlist Resource(s)
  -------------------------------------------------------------------    -------------------
    SLICE_X65Y82         FDRE                         0.000     0.000 r  count_reg[3]/C
    SLICE_X65Y82         FDRE (Prop_fdre_C_Q)         0.419     0.419 r  count_reg[3]/Q
                         net (fo=2, routed)           0.686     1.105    count_OBUF[3]
    SLICE_X65Y82         LUT4 (Prop_lut4_I3_O)        0.324     1.429 r  count[3]_i_1/O
                         net (fo=1, routed)           0.000     1.429    p_0_in[3]
    SLICE_X65Y82         FDRE                                         r  count_reg[3]/D
  -------------------------------------------------------------------    -------------------

Slack:                    inf
  Source:                 count_reg[2]/C
                            (rising edge-triggered cell FDRE)
  Destination:            count_reg[2]/D
  Path Group:             (none)
  Path Type:              Max at Slow Process Corner
  Data Path Delay:        1.247ns  (logic 0.580ns (46.500%)  route 0.667ns (53.500%))
  Logic Levels:           2  (FDRE=1 LUT3=1)

    Location             Delay type                Incr(ns)  Path(ns)    Netlist Resource(s)
  -------------------------------------------------------------------    -------------------
    SLICE_X65Y82         FDRE                         0.000     0.000 r  count_reg[2]/C
    SLICE_X65Y82         FDRE (Prop_fdre_C_Q)         0.456     0.456 r  count_reg[2]/Q
                         net (fo=3, routed)           0.667     1.123    count_OBUF[2]
    SLICE_X65Y82         LUT3 (Prop_lut3_I2_O)        0.124     1.247 r  count[2]_i_1/O
                         net (fo=1, routed)           0.000     1.247    p_0_in[2]
    SLICE_X65Y82         FDRE                                         r  count_reg[2]/D
  -------------------------------------------------------------------    -------------------

Slack:                    inf
  Source:                 count_reg[0]/C
                            (rising edge-triggered cell FDRE)
  Destination:            count_reg[0]/D
  Path Group:             (none)
  Path Type:              Max at Slow Process Corner
  Data Path Delay:        1.096ns  (logic 0.580ns (52.903%)  route 0.516ns (47.097%))
  Logic Levels:           2  (FDRE=1 LUT1=1)

    Location             Delay type                Incr(ns)  Path(ns)    Netlist Resource(s)
  -------------------------------------------------------------------    -------------------
    SLICE_X65Y82         FDRE                         0.000     0.000 r  count_reg[0]/C
    SLICE_X65Y82         FDRE (Prop_fdre_C_Q)         0.456     0.456 f  count_reg[0]/Q
                         net (fo=5, routed)           0.516     0.972    count_OBUF[0]
    SLICE_X65Y82         LUT1 (Prop_lut1_I0_O)        0.124     1.096 r  count[0]_i_1/O
                         net (fo=1, routed)           0.000     1.096    p_0_in[0]
    SLICE_X65Y82         FDRE                                         r  count_reg[0]/D
  -------------------------------------------------------------------    -------------------





Min Delay Paths
--------------------------------------------------------------------------------------
Slack:                    inf
  Source:                 count_reg[0]/C
                            (rising edge-triggered cell FDRE)
  Destination:            count_reg[1]/D
  Path Group:             (none)
  Path Type:              Min at Fast Process Corner
  Data Path Delay:        0.362ns  (logic 0.183ns (50.505%)  route 0.179ns (49.495%))
  Logic Levels:           2  (FDRE=1 LUT2=1)

    Location             Delay type                Incr(ns)  Path(ns)    Netlist Resource(s)
  -------------------------------------------------------------------    -------------------
    SLICE_X65Y82         FDRE                         0.000     0.000 r  count_reg[0]/C
    SLICE_X65Y82         FDRE (Prop_fdre_C_Q)         0.141     0.141 r  count_reg[0]/Q
                         net (fo=5, routed)           0.179     0.320    count_OBUF[0]
    SLICE_X65Y82         LUT2 (Prop_lut2_I0_O)        0.042     0.362 r  count[1]_i_1/O
                         net (fo=1, routed)           0.000     0.362    p_0_in[1]
    SLICE_X65Y82         FDRE                                         r  count_reg[1]/D
  -------------------------------------------------------------------    -------------------

Slack:                    inf
  Source:                 count_reg[0]/C
                            (rising edge-triggered cell FDRE)
  Destination:            count_reg[0]/D
  Path Group:             (none)
  Path Type:              Min at Fast Process Corner
  Data Path Delay:        0.365ns  (logic 0.186ns (50.911%)  route 0.179ns (49.089%))
  Logic Levels:           2  (FDRE=1 LUT1=1)

    Location             Delay type                Incr(ns)  Path(ns)    Netlist Resource(s)
  -------------------------------------------------------------------    -------------------
    SLICE_X65Y82         FDRE                         0.000     0.000 r  count_reg[0]/C
    SLICE_X65Y82         FDRE (Prop_fdre_C_Q)         0.141     0.141 f  count_reg[0]/Q
                         net (fo=5, routed)           0.179     0.320    count_OBUF[0]
    SLICE_X65Y82         LUT1 (Prop_lut1_I0_O)        0.045     0.365 r  count[0]_i_1/O
                         net (fo=1, routed)           0.000     0.365    p_0_in[0]
    SLICE_X65Y82         FDRE                                         r  count_reg[0]/D
  -------------------------------------------------------------------    -------------------

Slack:                    inf
  Source:                 count_reg[0]/C
                            (rising edge-triggered cell FDRE)
  Destination:            count_reg[3]/D
  Path Group:             (none)
  Path Type:              Min at Fast Process Corner
  Data Path Delay:        0.365ns  (logic 0.184ns (50.364%)  route 0.181ns (49.636%))
  Logic Levels:           2  (FDRE=1 LUT4=1)

    Location             Delay type                Incr(ns)  Path(ns)    Netlist Resource(s)
  -------------------------------------------------------------------    -------------------
    SLICE_X65Y82         FDRE                         0.000     0.000 r  count_reg[0]/C
    SLICE_X65Y82         FDRE (Prop_fdre_C_Q)         0.141     0.141 r  count_reg[0]/Q
                         net (fo=5, routed)           0.181     0.322    count_OBUF[0]
    SLICE_X65Y82         LUT4 (Prop_lut4_I1_O)        0.043     0.365 r  count[3]_i_1/O
                         net (fo=1, routed)           0.000     0.365    p_0_in[3]
    SLICE_X65Y82         FDRE                                         r  count_reg[3]/D
  -------------------------------------------------------------------    -------------------

Slack:                    inf
  Source:                 count_reg[0]/C
                            (rising edge-triggered cell FDRE)
  Destination:            count_reg[2]/D
  Path Group:             (none)
  Path Type:              Min at Fast Process Corner
  Data Path Delay:        0.367ns  (logic 0.186ns (50.634%)  route 0.181ns (49.366%))
  Logic Levels:           2  (FDRE=1 LUT3=1)

    Location             Delay type                Incr(ns)  Path(ns)    Netlist Resource(s)
  -------------------------------------------------------------------    -------------------
    SLICE_X65Y82         FDRE                         0.000     0.000 r  count_reg[0]/C
    SLICE_X65Y82         FDRE (Prop_fdre_C_Q)         0.141     0.141 r  count_reg[0]/Q
                         net (fo=5, routed)           0.181     0.322    count_OBUF[0]
    SLICE_X65Y82         LUT3 (Prop_lut3_I0_O)        0.045     0.367 r  count[2]_i_1/O
                         net (fo=1, routed)           0.000     0.367    p_0_in[2]
    SLICE_X65Y82         FDRE                                         r  count_reg[2]/D
  -------------------------------------------------------------------    -------------------

Slack:                    inf
  Source:                 count_reg[2]/C
                            (rising edge-triggered cell FDRE)
  Destination:            count[2]
                            (output port)
  Path Group:             (none)
  Path Type:              Min at Fast Process Corner
  Data Path Delay:        1.731ns  (logic 1.379ns (79.656%)  route 0.352ns (20.344%))
  Logic Levels:           2  (FDRE=1 OBUF=1)

    Location             Delay type                Incr(ns)  Path(ns)    Netlist Resource(s)
  -------------------------------------------------------------------    -------------------
    SLICE_X65Y82         FDRE                         0.000     0.000 r  count_reg[2]/C
    SLICE_X65Y82         FDRE (Prop_fdre_C_Q)         0.141     0.141 r  count_reg[2]/Q
                         net (fo=3, routed)           0.352     0.493    count_OBUF[2]
    A3                   OBUF (Prop_obuf_I_O)         1.238     1.731 r  count_OBUF[2]_inst/O
                         net (fo=0)                   0.000     1.731    count[2]
    A3                                                                r  count[2] (OUT)
  -------------------------------------------------------------------    -------------------

Slack:                    inf
  Source:                 count_reg[0]/C
                            (rising edge-triggered cell FDRE)
  Destination:            count[0]
                            (output port)
  Path Group:             (none)
  Path Type:              Min at Fast Process Corner
  Data Path Delay:        1.734ns  (logic 1.384ns (79.807%)  route 0.350ns (20.193%))
  Logic Levels:           2  (FDRE=1 OBUF=1)

    Location             Delay type                Incr(ns)  Path(ns)    Netlist Resource(s)
  -------------------------------------------------------------------    -------------------
    SLICE_X65Y82         FDRE                         0.000     0.000 r  count_reg[0]/C
    SLICE_X65Y82         FDRE (Prop_fdre_C_Q)         0.141     0.141 r  count_reg[0]/Q
                         net (fo=5, routed)           0.350     0.491    count_OBUF[0]
    A4                   OBUF (Prop_obuf_I_O)         1.243     1.734 r  count_OBUF[0]_inst/O
                         net (fo=0)                   0.000     1.734    count[0]
    A4                                                                r  count[0] (OUT)
  -------------------------------------------------------------------    -------------------

Slack:                    inf
  Source:                 count_reg[3]/C
                            (rising edge-triggered cell FDRE)
  Destination:            count[3]
                            (output port)
  Path Group:             (none)
  Path Type:              Min at Fast Process Corner
  Data Path Delay:        1.757ns  (logic 1.408ns (80.137%)  route 0.349ns (19.863%))
  Logic Levels:           2  (FDRE=1 OBUF=1)

    Location             Delay type                Incr(ns)  Path(ns)    Netlist Resource(s)
  -------------------------------------------------------------------    -------------------
    SLICE_X65Y82         FDRE                         0.000     0.000 r  count_reg[3]/C
    SLICE_X65Y82         FDRE (Prop_fdre_C_Q)         0.128     0.128 r  count_reg[3]/Q
                         net (fo=2, routed)           0.349     0.477    count_OBUF[3]
    B3                   OBUF (Prop_obuf_I_O)         1.280     1.757 r  count_OBUF[3]_inst/O
                         net (fo=0)                   0.000     1.757    count[3]
    B3                                                                r  count[3] (OUT)
  -------------------------------------------------------------------    -------------------

Slack:                    inf
  Source:                 count_reg[1]/C
                            (rising edge-triggered cell FDRE)
  Destination:            count[1]
                            (output port)
  Path Group:             (none)
  Path Type:              Min at Fast Process Corner
  Data Path Delay:        1.823ns  (logic 1.410ns (77.362%)  route 0.413ns (22.638%))
  Logic Levels:           2  (FDRE=1 OBUF=1)

    Location             Delay type                Incr(ns)  Path(ns)    Netlist Resource(s)
  -------------------------------------------------------------------    -------------------
    SLICE_X65Y82         FDRE                         0.000     0.000 r  count_reg[1]/C
    SLICE_X65Y82         FDRE (Prop_fdre_C_Q)         0.128     0.128 r  count_reg[1]/Q
                         net (fo=4, routed)           0.413     0.541    count_OBUF[1]
    B4                   OBUF (Prop_obuf_I_O)         1.282     1.823 r  count_OBUF[1]_inst/O
                         net (fo=0)                   0.000     1.823    count[1]
    B4                                                                r  count[1] (OUT)
  -------------------------------------------------------------------    -------------------





